[32m[Thu Apr 24 15:19:03 2025] [0mLinux version 4.18.5-alevasse (root@debian) (gcc version 8.2.0 (GCC)) #1 SMP Fri Mar 21 14:25:38 CET 2025
[32m[Thu Apr 24 15:19:03 2025] [0m[33mCommand line[0m: BOOT_IMAGE=/vmlinuz-4.18.5-alevasse root=/dev/sda3 ro
[32m[Thu Apr 24 15:19:03 2025] [0m[33mx86/fpu[0m: Supporting XSAVE feature 0x001: 'x87 floating point registers'
[32m[Thu Apr 24 15:19:03 2025] [0m[33mx86/fpu[0m: Supporting XSAVE feature 0x002: 'SSE registers'
[32m[Thu Apr 24 15:19:03 2025] [0m[33mx86/fpu[0m: Supporting XSAVE feature 0x004: 'AVX registers'
[32m[Thu Apr 24 15:19:03 2025] [0m[33mx86/fpu[0m: xstate_offset[2]:  576, xstate_sizes[2]:  256
[32m[Thu Apr 24 15:19:03 2025] [0m[33mx86/fpu[0m: Enabled xstate features 0x7, context size is 832 bytes, using 'standard' format.
[32m[Thu Apr 24 15:19:03 2025] [0mBIOS-provided physical RAM map:
[32m[Thu Apr 24 15:19:03 2025] [0m[33mBIOS-e820[0m: [mem 0x0000000000000000-0x000000000009fbff] usable
[32m[Thu Apr 24 15:19:03 2025] [0m[33mBIOS-e820[0m: [mem 0x000000000009fc00-0x000000000009ffff] reserved
[32m[Thu Apr 24 15:19:03 2025] [0m[33mBIOS-e820[0m: [mem 0x00000000000f0000-0x00000000000fffff] reserved
[32m[Thu Apr 24 15:19:03 2025] [0m[33mBIOS-e820[0m: [mem 0x0000000000100000-0x00000000dffeffff] usable
[32m[Thu Apr 24 15:19:03 2025] [0m[33mBIOS-e820[0m: [mem 0x00000000dfff0000-0x00000000dfffffff] ACPI data
[32m[Thu Apr 24 15:19:03 2025] [0m[33mBIOS-e820[0m: [mem 0x00000000fec00000-0x00000000fec00fff] reserved
[32m[Thu Apr 24 15:19:03 2025] [0m[33mBIOS-e820[0m: [mem 0x00000000fee00000-0x00000000fee00fff] reserved
[32m[Thu Apr 24 15:19:03 2025] [0m[33mBIOS-e820[0m: [mem 0x00000000fffc0000-0x00000000ffffffff] reserved
[32m[Thu Apr 24 15:19:03 2025] [0m[33mBIOS-e820[0m: [mem 0x0000000100000000-0x000000021fffffff] usable
[32m[Thu Apr 24 15:19:03 2025] [0m[33mNX (Execute Disable) protection[0m: active
[32m[Thu Apr 24 15:19:03 2025] [0mSMBIOS 2.5 present.
[32m[Thu Apr 24 15:19:03 2025] [0m[33mDMI[0m: innotek GmbH VirtualBox/VirtualBox, BIOS VirtualBox 12/01/2006
[32m[Thu Apr 24 15:19:03 2025] [0m[33me820[0m: update [mem 0x00000000-0x00000fff] usable ==> reserved
[32m[Thu Apr 24 15:19:03 2025] [0m[33me820[0m: remove [mem 0x000a0000-0x000fffff] usable
[32m[Thu Apr 24 15:19:03 2025] [0mlast_pfn = 0x220000 max_arch_pfn = 0x400000000
[32m[Thu Apr 24 15:19:03 2025] [0m[33mMTRR default type[0m: uncachable
[32m[Thu Apr 24 15:19:03 2025] [0mMTRR fixed ranges enabled:
[32m[Thu Apr 24 15:19:03 2025] [0m  00000-9FFFF write-back
[32m[Thu Apr 24 15:19:03 2025] [0m  A0000-BFFFF uncachable
[32m[Thu Apr 24 15:19:03 2025] [0m  C0000-FFFFF write-protect
[32m[Thu Apr 24 15:19:03 2025] [0mMTRR variable ranges enabled:
[32m[Thu Apr 24 15:19:03 2025] [0m  0 base 000000000000 mask 3FFF00000000 write-back
[32m[Thu Apr 24 15:19:03 2025] [0m  1 base 0000E0000000 mask 3FFFE0000000 uncachable
[32m[Thu Apr 24 15:19:03 2025] [0m  2 base 000100000000 mask 3FFF00000000 write-back
[32m[Thu Apr 24 15:19:03 2025] [0m  3 base 000200000000 mask 3FFFE0000000 write-back
[32m[Thu Apr 24 15:19:03 2025] [0m  4 disabled
[32m[Thu Apr 24 15:19:03 2025] [0m  5 disabled
[32m[Thu Apr 24 15:19:03 2025] [0m  6 disabled
[32m[Thu Apr 24 15:19:03 2025] [0m  7 disabled
[32m[Thu Apr 24 15:19:03 2025] [0m  8 disabled
[32m[Thu Apr 24 15:19:03 2025] [0m  9 disabled
[32m[Thu Apr 24 15:19:03 2025] [0m  10 disabled
[32m[Thu Apr 24 15:19:03 2025] [0m  11 disabled
[32m[Thu Apr 24 15:19:03 2025] [0m  12 disabled
[32m[Thu Apr 24 15:19:03 2025] [0m  13 disabled
[32m[Thu Apr 24 15:19:03 2025] [0m  14 disabled
[32m[Thu Apr 24 15:19:03 2025] [0m  15 disabled
[32m[Thu Apr 24 15:19:03 2025] [0m[33mx86/PAT[0m: Configuration [0-7]: WB  WC  UC- UC  WB  WP  UC- WT  
[32m[Thu Apr 24 15:19:03 2025] [0m[33me820[0m: update [mem 0xe0000000-0xffffffff] usable ==> reserved
[32m[Thu Apr 24 15:19:03 2025] [0mlast_pfn = 0xdfff0 max_arch_pfn = 0x400000000
[32m[Thu Apr 24 15:19:03 2025] [0mfound SMP MP-table at [mem 0x0009fbf0-0x0009fbff] mapped at [(____ptrval____)]
[32m[Thu Apr 24 15:19:03 2025] [0mScanning 1 areas for low memory corruption
[32m[Thu Apr 24 15:19:03 2025] [0mBase memory trampoline at [(____ptrval____)] 99000 size 24576
[32m[Thu Apr 24 15:19:03 2025] [0mBRK [0x5af8c000, 0x5af8cfff] PGTABLE
[32m[Thu Apr 24 15:19:03 2025] [0mBRK [0x5af8d000, 0x5af8dfff] PGTABLE
[32m[Thu Apr 24 15:19:03 2025] [0mBRK [0x5af8e000, 0x5af8efff] PGTABLE
[32m[Thu Apr 24 15:19:03 2025] [0mBRK [0x5af8f000, 0x5af8ffff] PGTABLE
[32m[Thu Apr 24 15:19:03 2025] [0mBRK [0x5af90000, 0x5af90fff] PGTABLE
[32m[Thu Apr 24 15:19:03 2025] [0mBRK [0x5af91000, 0x5af91fff] PGTABLE
[32m[Thu Apr 24 15:19:03 2025] [0mBRK [0x5af92000, 0x5af92fff] PGTABLE
[32m[Thu Apr 24 15:19:03 2025] [0mBRK [0x5af93000, 0x5af93fff] PGTABLE
[32m[Thu Apr 24 15:19:03 2025] [0mBRK [0x5af94000, 0x5af94fff] PGTABLE
[32m[Thu Apr 24 15:19:03 2025] [0m[33mACPI[0m: Early table checksum verification disabled
[32m[Thu Apr 24 15:19:03 2025] [0m[33mACPI[0m: RSDP 0x00000000000E0000 000024 (v02 VBOX  )
[32m[Thu Apr 24 15:19:03 2025] [0m[33mACPI[0m: XSDT 0x00000000DFFF0030 00003C (v01 VBOX   VBOXXSDT 00000001 ASL  00000061)
[32m[Thu Apr 24 15:19:03 2025] [0m[33mACPI[0m: FACP 0x00000000DFFF00F0 0000F4 (v04 VBOX   VBOXFACP 00000001 ASL  00000061)
[32m[Thu Apr 24 15:19:03 2025] [0m[33mACPI[0m: DSDT 0x00000000DFFF0640 002353 (v02 VBOX   VBOXBIOS 00000002 INTL 20200925)
[32m[Thu Apr 24 15:19:03 2025] [0m[33mACPI[0m: FACS 0x00000000DFFF0200 000040
[32m[Thu Apr 24 15:19:03 2025] [0m[33mACPI[0m: FACS 0x00000000DFFF0200 000040
[32m[Thu Apr 24 15:19:03 2025] [0m[33mACPI[0m: APIC 0x00000000DFFF0240 00008C (v02 VBOX   VBOXAPIC 00000001 ASL  00000061)
[32m[Thu Apr 24 15:19:03 2025] [0m[33mACPI[0m: SSDT 0x00000000DFFF02D0 00036C (v01 VBOX   VBOXCPUT 00000002 INTL 20200925)
[32m[Thu Apr 24 15:19:03 2025] [0m[33mACPI[0m: Local APIC address 0xfee00000
[32m[Thu Apr 24 15:19:03 2025] [0mNo NUMA configuration found
[32m[Thu Apr 24 15:19:03 2025] [0mFaking a node at [mem 0x0000000000000000-0x000000021fffffff]
[32m[Thu Apr 24 15:19:03 2025] [0mNODE_DATA(0) allocated [mem 0x21fff8000-0x21fffbfff]
[32m[Thu Apr 24 15:19:03 2025] [0m[33mtsc[0m: Fast TSC calibration failed
[32m[Thu Apr 24 15:19:03 2025] [0m[33mtsc[0m[1m: Unable to calibrate against PIT[0m
[32m[Thu Apr 24 15:19:03 2025] [0m[33mtsc[0m: No reference (HPET/PMTIMER) available
[32m[Thu Apr 24 15:19:03 2025] [0mZone ranges:
[32m[Thu Apr 24 15:19:03 2025] [0m  DMA      [mem 0x0000000000001000-0x0000000000ffffff]
[32m[Thu Apr 24 15:19:03 2025] [0m  DMA32    [mem 0x0000000001000000-0x00000000ffffffff]
[32m[Thu Apr 24 15:19:03 2025] [0m  Normal   [mem 0x0000000100000000-0x000000021fffffff]
[32m[Thu Apr 24 15:19:03 2025] [0mMovable zone start for each node
[32m[Thu Apr 24 15:19:03 2025] [0mEarly memory node ranges
[32m[Thu Apr 24 15:19:03 2025] [0m[33m  node   0[0m: [mem 0x0000000000001000-0x000000000009efff]
[32m[Thu Apr 24 15:19:03 2025] [0m[33m  node   0[0m: [mem 0x0000000000100000-0x00000000dffeffff]
[32m[Thu Apr 24 15:19:03 2025] [0m[33m  node   0[0m: [mem 0x0000000100000000-0x000000021fffffff]
[32m[Thu Apr 24 15:19:03 2025] [0m[33mReserved but unavailable[0m: 114 pages
[32m[Thu Apr 24 15:19:03 2025] [0mInitmem setup node 0 [mem 0x0000000000001000-0x000000021fffffff]
[32m[Thu Apr 24 15:19:03 2025] [0m[33mOn node 0 totalpages[0m: 2097038
[32m[Thu Apr 24 15:19:03 2025] [0m[33m  DMA zone[0m: 64 pages used for memmap
[32m[Thu Apr 24 15:19:03 2025] [0m[33m  DMA zone[0m: 21 pages reserved
[32m[Thu Apr 24 15:19:03 2025] [0m[33m  DMA zone[0m: 3998 pages, LIFO batch:0
[32m[Thu Apr 24 15:19:03 2025] [0m[33m  DMA32 zone[0m: 14272 pages used for memmap
[32m[Thu Apr 24 15:19:03 2025] [0m[33m  DMA32 zone[0m: 913392 pages, LIFO batch:31
[32m[Thu Apr 24 15:19:03 2025] [0m[33m  Normal zone[0m: 18432 pages used for memmap
[32m[Thu Apr 24 15:19:03 2025] [0m[33m  Normal zone[0m: 1179648 pages, LIFO batch:31
[32m[Thu Apr 24 15:19:03 2025] [0m[33mACPI[0m: PM-Timer IO Port: 0x4008
[32m[Thu Apr 24 15:19:03 2025] [0m[33mACPI[0m: Local APIC address 0xfee00000
[32m[Thu Apr 24 15:19:03 2025] [0m[33mIOAPIC[0][0m: apic_id 8, version 32, address 0xfec00000, GSI 0-23
[32m[Thu Apr 24 15:19:03 2025] [0m[33mACPI[0m: INT_SRC_OVR (bus 0 bus_irq 0 global_irq 2 dfl dfl)
[32m[Thu Apr 24 15:19:03 2025] [0m[33mACPI[0m: INT_SRC_OVR (bus 0 bus_irq 9 global_irq 9 low level)
[32m[Thu Apr 24 15:19:03 2025] [0m[33mACPI[0m: IRQ0 used by override.
[32m[Thu Apr 24 15:19:03 2025] [0m[33mACPI[0m: IRQ9 used by override.
[32m[Thu Apr 24 15:19:03 2025] [0mUsing ACPI (MADT) for SMP configuration information
[32m[Thu Apr 24 15:19:03 2025] [0m[33msmpboot[0m: Allowing 8 CPUs, 0 hotplug CPUs
[32m[Thu Apr 24 15:19:03 2025] [0m[33mPM[0m: Registered nosave memory: [mem 0x00000000-0x00000fff]
[32m[Thu Apr 24 15:19:03 2025] [0m[33mPM[0m: Registered nosave memory: [mem 0x0009f000-0x0009ffff]
[32m[Thu Apr 24 15:19:03 2025] [0m[33mPM[0m: Registered nosave memory: [mem 0x000a0000-0x000effff]
[32m[Thu Apr 24 15:19:03 2025] [0m[33mPM[0m: Registered nosave memory: [mem 0x000f0000-0x000fffff]
[32m[Thu Apr 24 15:19:03 2025] [0m[33mPM[0m: Registered nosave memory: [mem 0xdfff0000-0xdfffffff]
[32m[Thu Apr 24 15:19:03 2025] [0m[33mPM[0m: Registered nosave memory: [mem 0xe0000000-0xfebfffff]
[32m[Thu Apr 24 15:19:03 2025] [0m[33mPM[0m: Registered nosave memory: [mem 0xfec00000-0xfec00fff]
[32m[Thu Apr 24 15:19:03 2025] [0m[33mPM[0m: Registered nosave memory: [mem 0xfec01000-0xfedfffff]
[32m[Thu Apr 24 15:19:03 2025] [0m[33mPM[0m: Registered nosave memory: [mem 0xfee00000-0xfee00fff]
[32m[Thu Apr 24 15:19:03 2025] [0m[33mPM[0m: Registered nosave memory: [mem 0xfee01000-0xfffbffff]
[32m[Thu Apr 24 15:19:03 2025] [0m[33mPM[0m: Registered nosave memory: [mem 0xfffc0000-0xffffffff]
[32m[Thu Apr 24 15:19:03 2025] [0m[mem 0xe0000000-0xfebfffff] available for PCI devices
[32m[Thu Apr 24 15:19:03 2025] [0m[33mclocksource[0m: refined-jiffies: mask: 0xffffffff max_cycles: 0xffffffff, max_idle_ns: 1910969940391419 ns
[32m[Thu Apr 24 15:19:03 2025] [0m[33mrandom[0m: get_random_bytes called from start_kernel+0x90/0x4a3 with crng_init=0
[32m[Thu Apr 24 15:19:03 2025] [0m[33msetup_percpu[0m: NR_CPUS:64 nr_cpumask_bits:64 nr_cpu_ids:8 nr_node_ids:1
[32m[Thu Apr 24 15:19:03 2025] [0m[33mpercpu[0m: Embedded 43 pages/cpu @(____ptrval____) s137944 r8192 d29992 u262144
[32m[Thu Apr 24 15:19:03 2025] [0m[33mpcpu-alloc[0m: s137944 r8192 d29992 u262144 alloc=1*2097152
[32m[Thu Apr 24 15:19:03 2025] [0m[33mpcpu-alloc[0m: [0] 0 1 2 3 4 5 6 7 
[32m[Thu Apr 24 15:19:03 2025] [0m[33mBuilt 1 zonelists, mobility grouping on.  Total pages[0m: 2064249
[32m[Thu Apr 24 15:19:03 2025] [0m[33mPolicy zone[0m: Normal
[32m[Thu Apr 24 15:19:03 2025] [0m[33mKernel command line[0m: BOOT_IMAGE=/vmlinuz-4.18.5-alevasse root=/dev/sda3 ro
[32m[Thu Apr 24 15:19:03 2025] [0m[33mCalgary[0m: detecting Calgary via BIOS EBDA area
[32m[Thu Apr 24 15:19:03 2025] [0m[33mCalgary[0m: Unable to locate Rio Grande table in EBDA - bailing!
[32m[Thu Apr 24 15:19:03 2025] [0m[33mMemory[0m: 8163372K/8388152K available (16396K kernel code, 1529K rwdata, 3548K rodata, 1304K init, 628K bss, 224780K reserved, 0K cma-reserved)
[32m[Thu Apr 24 15:19:03 2025] [0m[33mSLUB[0m: HWalign=64, Order=0-3, MinObjects=0, CPUs=8, Nodes=1
[32m[Thu Apr 24 15:19:03 2025] [0m[33mKernel/User page tables isolation[0m: enabled
[32m[Thu Apr 24 15:19:03 2025] [0mHierarchical RCU implementation.
[32m[Thu Apr 24 15:19:03 2025] [0m	RCU event tracing is enabled.
[32m[Thu Apr 24 15:19:03 2025] [0m	RCU restricting CPUs from NR_CPUS=64 to nr_cpu_ids=8.
[32m[Thu Apr 24 15:19:03 2025] [0m[33mRCU[0m: Adjusting geometry for rcu_fanout_leaf=16, nr_cpu_ids=8
[32m[Thu Apr 24 15:19:03 2025] [0m[33mNR_IRQS[0m: 4352, nr_irqs: 488, preallocated irqs: 16
[32m[Thu Apr 24 15:19:03 2025] [0m[33mConsole[0m: colour VGA+ 80x25
[32m[Thu Apr 24 15:19:03 2025] [0mconsole [tty0] enabled
[32m[Thu Apr 24 15:19:03 2025] [0m[33mACPI[0m: Core revision 20180531
[32m[Thu Apr 24 15:19:03 2025] [0m[33mAPIC[0m: Switch to symmetric I/O mode setup
[32m[Thu Apr 24 15:19:03 2025] [0m[33m..TIMER[0m: vector=0x30 apic1=0 pin1=2 apic2=-1 pin2=-1
[32m[Thu Apr 24 15:19:03 2025] [0m[33mtsc[0m: Fast TSC calibration failed
[32m[Thu Apr 24 15:19:03 2025] [0m[33mtsc[0m[1m: Unable to calibrate against PIT[0m
[32m[Thu Apr 24 15:19:03 2025] [0m[33mtsc[0m[1m: HPET/PMTIMER calibration failed[0m
[32m[Thu Apr 24 15:19:03 2025] [0m[33mtsc[0m: Marking TSC unstable due to could not calculate TSC khz
[32m[Thu Apr 24 15:19:03 2025] [0mCalibrating delay loop... 10534.91 BogoMIPS (lpj=5267456)
[32m[Thu Apr 24 15:19:03 2025] [0m[33mpid_max[0m: default: 32768 minimum: 301
[32m[Thu Apr 24 15:19:03 2025] [0mSecurity Framework initialized
[32m[Thu Apr 24 15:19:03 2025] [0m[33mSELinux[0m:  Initializing.
[32m[Thu Apr 24 15:19:03 2025] [0m[33mSELinux[0m:  Starting in permissive mode
[32m[Thu Apr 24 15:19:03 2025] [0m[33mDentry cache hash table entries[0m: 1048576 (order: 11, 8388608 bytes)
[32m[Thu Apr 24 15:19:03 2025] [0m[33mInode-cache hash table entries[0m: 524288 (order: 10, 4194304 bytes)
[32m[Thu Apr 24 15:19:03 2025] [0m[33mMount-cache hash table entries[0m: 16384 (order: 5, 131072 bytes)
[32m[Thu Apr 24 15:19:03 2025] [0m[33mMountpoint-cache hash table entries[0m: 16384 (order: 5, 131072 bytes)
[32m[Thu Apr 24 15:19:03 2025] [0m[33mmce[0m: CPU supports 0 MCE banks
[32m[Thu Apr 24 15:19:03 2025] [0m[33mLast level iTLB entries[0m: 4KB 0, 2MB 0, 4MB 0
[32m[Thu Apr 24 15:19:03 2025] [0m[33mLast level dTLB entries[0m: 4KB 0, 2MB 0, 4MB 0, 1GB 0
[32m[Thu Apr 24 15:19:03 2025] [0m[33mSpectre V2 [0m: Mitigation: Full generic retpoline
[32m[Thu Apr 24 15:19:03 2025] [0m[33mSpectre V2 [0m: Spectre v2 / SpectreRSB mitigation: Filling RSB on context switch
[32m[Thu Apr 24 15:19:03 2025] [0m[33mSpeculative Store Bypass[0m: Vulnerable
[32m[Thu Apr 24 15:19:03 2025] [0m[33mFreeing SMP alternatives memory[0m: 48K
[32m[Thu Apr 24 15:19:03 2025] [0m[33msmpboot[0m: CPU0: Intel(R) Core(TM) i7-14700 (family: 0x6, model: 0xb7, stepping: 0x1)
[32m[Thu Apr 24 15:19:03 2025] [0m[33mPerformance Events[0m: unsupported p6 CPU model 183 no PMU driver, software events only.
[32m[Thu Apr 24 15:19:03 2025] [0mHierarchical SRCU implementation.
[32m[Thu Apr 24 15:19:03 2025] [0m[33msmp[0m: Bringing up secondary CPUs ...
[32m[Thu Apr 24 15:19:03 2025] [0m[33mx86[0m: Booting SMP configuration:
[32m[Thu Apr 24 15:19:03 2025] [0m[33m.... node  #0, CPUs[0m:      #1
[32m[Thu Apr 24 15:19:03 2025] [0m[33mmce[0m: CPU supports 0 MCE banks
[32m[Thu Apr 24 15:19:03 2025] [0m[1m #2[0m
[32m[Thu Apr 24 15:19:03 2025] [0m[33mmce[0m: CPU supports 0 MCE banks
[32m[Thu Apr 24 15:19:03 2025] [0m[1m #3[0m
[32m[Thu Apr 24 15:19:03 2025] [0m[33mmce[0m: CPU supports 0 MCE banks
[32m[Thu Apr 24 15:19:03 2025] [0m[1m #4[0m
[32m[Thu Apr 24 15:19:03 2025] [0m[33mmce[0m: CPU supports 0 MCE banks
[32m[Thu Apr 24 15:19:03 2025] [0m[1m #5[0m
[32m[Thu Apr 24 15:19:03 2025] [0m[33mmce[0m: CPU supports 0 MCE banks
[32m[Thu Apr 24 15:19:03 2025] [0m[1m #6[0m
[32m[Thu Apr 24 15:19:03 2025] [0m[33mmce[0m: CPU supports 0 MCE banks
[32m[Thu Apr 24 15:19:03 2025] [0m[1m #7[0m
[32m[Thu Apr 24 15:19:03 2025] [0m[33mmce[0m: CPU supports 0 MCE banks
[32m[Thu Apr 24 15:19:03 2025] [0m[33msmp[0m: Brought up 1 node, 8 CPUs
[32m[Thu Apr 24 15:19:03 2025] [0m[33msmpboot[0m: Max logical packages: 1
[32m[Thu Apr 24 15:19:03 2025] [0m[33msmpboot[0m: Total of 8 processors activated (83017.72 BogoMIPS)
[32m[Thu Apr 24 15:19:03 2025] [0m[33mdevtmpfs[0m: initialized
[32m[Thu Apr 24 15:19:03 2025] [0m[33mclocksource[0m: jiffies: mask: 0xffffffff max_cycles: 0xffffffff, max_idle_ns: 1911260446275000 ns
[32m[Thu Apr 24 15:19:03 2025] [0m[33mfutex hash table entries[0m: 2048 (order: 5, 131072 bytes)
[32m[Thu Apr 24 15:19:03 2025] [0m[33mxor[0m: automatically using best checksumming function   avx       
[32m[Thu Apr 24 15:19:03 2025] [0m[33mRTC time[0m: 13:19:03, date: 04/24/25
[32m[Thu Apr 24 15:19:03 2025] [0m[33mNET[0m: Registered protocol family 16
[32m[Thu Apr 24 15:19:03 2025] [0m[33maudit[0m: initializing netlink subsys (disabled)
[32m[Thu Apr 24 15:19:03 2025] [0m[33maudit[0m: type=2000 audit(1745500743.150:1): state=initialized audit_enabled=0 res=1
[32m[Thu Apr 24 15:19:03 2025] [0m[33mcpuidle[0m: using governor menu
[32m[Thu Apr 24 15:19:03 2025] [0m[33mACPI[0m: bus type PCI registered
[32m[Thu Apr 24 15:19:03 2025] [0m[33mPCI[0m: Using configuration type 1 for base access
[32m[Thu Apr 24 15:19:03 2025] [0mHugeTLB registered 2.00 MiB page size, pre-allocated 0 pages
[32m[Thu Apr 24 15:19:03 2025] [0m[33mraid6[0m: sse2x1   gen() 26902 MB/s
[32m[Thu Apr 24 15:19:03 2025] [0m[33mraid6[0m: sse2x1   xor() 17439 MB/s
[32m[Thu Apr 24 15:19:03 2025] [0m[33mraid6[0m: sse2x2   gen() 33316 MB/s
[32m[Thu Apr 24 15:19:03 2025] [0m[33mraid6[0m: sse2x2   xor() 20056 MB/s
[32m[Thu Apr 24 15:19:03 2025] [0m[33mraid6[0m: sse2x4   gen() 36355 MB/s
[32m[Thu Apr 24 15:19:03 2025] [0m[33mraid6[0m: sse2x4   xor() 16462 MB/s
[32m[Thu Apr 24 15:19:03 2025] [0m[33mraid6[0m: avx2x1   gen() 40593 MB/s
[32m[Thu Apr 24 15:19:03 2025] [0m[33mraid6[0m: avx2x1   xor() 33728 MB/s
[32m[Thu Apr 24 15:19:03 2025] [0m[33mraid6[0m: avx2x2   gen() 45410 MB/s
[32m[Thu Apr 24 15:19:03 2025] [0m[33mraid6[0m: avx2x2   xor() 36585 MB/s
[32m[Thu Apr 24 15:19:03 2025] [0m[33mraid6[0m: avx2x4   gen() 45832 MB/s
[32m[Thu Apr 24 15:19:03 2025] [0m[33mraid6[0m: avx2x4   xor() 16595 MB/s
[32m[Thu Apr 24 15:19:03 2025] [0m[33mraid6[0m: using algorithm avx2x4 gen() 45832 MB/s
[32m[Thu Apr 24 15:19:03 2025] [0m[33mraid6[0m: .... xor() 16595 MB/s, rmw enabled
[32m[Thu Apr 24 15:19:03 2025] [0m[33mraid6[0m: using avx2x2 recovery algorithm
[32m[Thu Apr 24 15:19:03 2025] [0m[33mACPI[0m: Added _OSI(Module Device)
[32m[Thu Apr 24 15:19:03 2025] [0m[33mACPI[0m: Added _OSI(Processor Device)
[32m[Thu Apr 24 15:19:03 2025] [0m[33mACPI[0m: Added _OSI(3.0 _SCP Extensions)
[32m[Thu Apr 24 15:19:03 2025] [0m[33mACPI[0m: Added _OSI(Processor Aggregator Device)
[32m[Thu Apr 24 15:19:03 2025] [0m[33mACPI[0m: Added _OSI(Linux-Dell-Video)
[32m[Thu Apr 24 15:19:03 2025] [0m[33mACPI[0m: 2 ACPI AML tables successfully acquired and loaded
[32m[Thu Apr 24 15:19:03 2025] [0m[33mACPI[0m: Interpreter enabled
[32m[Thu Apr 24 15:19:03 2025] [0m[33mACPI[0m: (supports S0 S5)
[32m[Thu Apr 24 15:19:03 2025] [0m[33mACPI[0m: Using IOAPIC for interrupt routing
[32m[Thu Apr 24 15:19:03 2025] [0m[33mPCI[0m: Using host bridge windows from ACPI; if necessary, use "pci=nocrs" and report a bug
[32m[Thu Apr 24 15:19:03 2025] [0m[33mACPI[0m: Enabled 2 GPEs in block 00 to 07
[32m[Thu Apr 24 15:19:03 2025] [0m[33mACPI[0m: PCI Root Bridge [PCI0] (domain 0000 [bus 00-ff])
[32m[Thu Apr 24 15:19:03 2025] [0m[33macpi PNP0A03:00[0m: _OSC: OS supports [ASPM ClockPM Segments MSI]
[32m[Thu Apr 24 15:19:03 2025] [0m[33macpi PNP0A03:00[0m: _OSC: not requesting OS control; OS requires [ExtendedConfig ASPM ClockPM MSI]
[32m[Thu Apr 24 15:19:03 2025] [0m[33macpi PNP0A03:00[0m[1m: fail to add MMCONFIG information, can't access extended PCI configuration space under this bridge.[0m
[32m[Thu Apr 24 15:19:03 2025] [0mPCI host bridge to bus 0000:00
[32m[Thu Apr 24 15:19:03 2025] [0m[33mpci_bus 0000:00[0m: root bus resource [io  0x0000-0x0cf7 window]
[32m[Thu Apr 24 15:19:03 2025] [0m[33mpci_bus 0000:00[0m: root bus resource [io  0x0d00-0xffff window]
[32m[Thu Apr 24 15:19:03 2025] [0m[33mpci_bus 0000:00[0m: root bus resource [mem 0x000a0000-0x000bffff window]
[32m[Thu Apr 24 15:19:03 2025] [0m[33mpci_bus 0000:00[0m: root bus resource [mem 0xe0000000-0xfdffffff window]
[32m[Thu Apr 24 15:19:03 2025] [0m[33mpci_bus 0000:00[0m: root bus resource [bus 00-ff]
[32m[Thu Apr 24 15:19:03 2025] [0m[33mpci 0000:00:00.0[0m: [8086:1237] type 00 class 0x060000
[32m[Thu Apr 24 15:19:03 2025] [0m[33mpci 0000:00:01.0[0m: [8086:7000] type 00 class 0x060100
[32m[Thu Apr 24 15:19:03 2025] [0m[33mpci 0000:00:01.1[0m: [8086:7111] type 00 class 0x01018a
[32m[Thu Apr 24 15:19:03 2025] [0m[33mpci 0000:00:01.1[0m: reg 0x20: [io  0xd000-0xd00f]
[32m[Thu Apr 24 15:19:03 2025] [0m[33mpci 0000:00:01.1[0m: legacy IDE quirk: reg 0x10: [io  0x01f0-0x01f7]
[32m[Thu Apr 24 15:19:03 2025] [0m[33mpci 0000:00:01.1[0m: legacy IDE quirk: reg 0x14: [io  0x03f6]
[32m[Thu Apr 24 15:19:03 2025] [0m[33mpci 0000:00:01.1[0m: legacy IDE quirk: reg 0x18: [io  0x0170-0x0177]
[32m[Thu Apr 24 15:19:03 2025] [0m[33mpci 0000:00:01.1[0m: legacy IDE quirk: reg 0x1c: [io  0x0376]
[32m[Thu Apr 24 15:19:03 2025] [0m[33mpci 0000:00:02.0[0m: [15ad:0405] type 00 class 0x030000
[32m[Thu Apr 24 15:19:03 2025] [0m[33mpci 0000:00:02.0[0m: reg 0x10: [io  0xd010-0xd01f]
[32m[Thu Apr 24 15:19:03 2025] [0m[33mpci 0000:00:02.0[0m: reg 0x14: [mem 0xe0000000-0xe0ffffff pref]
[32m[Thu Apr 24 15:19:03 2025] [0m[33mpci 0000:00:02.0[0m: reg 0x18: [mem 0xf0000000-0xf01fffff]
[32m[Thu Apr 24 15:19:03 2025] [0m[33mpci 0000:00:03.0[0m: [8086:100e] type 00 class 0x020000
[32m[Thu Apr 24 15:19:03 2025] [0m[33mpci 0000:00:03.0[0m: reg 0x10: [mem 0xf0200000-0xf021ffff]
[32m[Thu Apr 24 15:19:03 2025] [0m[33mpci 0000:00:03.0[0m: reg 0x18: [io  0xd020-0xd027]
[32m[Thu Apr 24 15:19:03 2025] [0m[33mpci 0000:00:04.0[0m: [80ee:cafe] type 00 class 0x088000
[32m[Thu Apr 24 15:19:03 2025] [0m[33mpci 0000:00:04.0[0m: reg 0x10: [io  0xd040-0xd05f]
[32m[Thu Apr 24 15:19:03 2025] [0m[33mpci 0000:00:04.0[0m: reg 0x14: [mem 0xf0400000-0xf07fffff]
[32m[Thu Apr 24 15:19:03 2025] [0m[33mpci 0000:00:04.0[0m: reg 0x18: [mem 0xf0800000-0xf0803fff pref]
[32m[Thu Apr 24 15:19:03 2025] [0m[33mpci 0000:00:05.0[0m: [8086:2415] type 00 class 0x040100
[32m[Thu Apr 24 15:19:03 2025] [0m[33mpci 0000:00:05.0[0m: reg 0x10: [io  0xd100-0xd1ff]
[32m[Thu Apr 24 15:19:03 2025] [0m[33mpci 0000:00:05.0[0m: reg 0x14: [io  0xd200-0xd23f]
[32m[Thu Apr 24 15:19:03 2025] [0m[33mpci 0000:00:06.0[0m: [106b:003f] type 00 class 0x0c0310
[32m[Thu Apr 24 15:19:03 2025] [0m[33mpci 0000:00:06.0[0m: reg 0x10: [mem 0xf0804000-0xf0804fff]
[32m[Thu Apr 24 15:19:03 2025] [0m[33mpci 0000:00:07.0[0m: [8086:7113] type 00 class 0x068000
[32m[Thu Apr 24 15:19:03 2025] [0m[33mpci 0000:00:07.0[0m: quirk: [io  0x4000-0x403f] claimed by PIIX4 ACPI
[32m[Thu Apr 24 15:19:03 2025] [0m[33mpci 0000:00:07.0[0m: quirk: [io  0x4100-0x410f] claimed by PIIX4 SMB
[32m[Thu Apr 24 15:19:03 2025] [0m[33mpci 0000:00:0b.0[0m: [8086:265c] type 00 class 0x0c0320
[32m[Thu Apr 24 15:19:03 2025] [0m[33mpci 0000:00:0b.0[0m: reg 0x10: [mem 0xf0805000-0xf0805fff]
[32m[Thu Apr 24 15:19:03 2025] [0m[33mpci 0000:00:0d.0[0m: [8086:2829] type 00 class 0x010601
[32m[Thu Apr 24 15:19:03 2025] [0m[33mpci 0000:00:0d.0[0m: reg 0x10: [io  0xd240-0xd247]
[32m[Thu Apr 24 15:19:03 2025] [0m[33mpci 0000:00:0d.0[0m: reg 0x14: [io  0xd248-0xd24b]
[32m[Thu Apr 24 15:19:03 2025] [0m[33mpci 0000:00:0d.0[0m: reg 0x18: [io  0xd250-0xd257]
[32m[Thu Apr 24 15:19:03 2025] [0m[33mpci 0000:00:0d.0[0m: reg 0x1c: [io  0xd258-0xd25b]
[32m[Thu Apr 24 15:19:03 2025] [0m[33mpci 0000:00:0d.0[0m: reg 0x20: [io  0xd260-0xd26f]
[32m[Thu Apr 24 15:19:03 2025] [0m[33mpci 0000:00:0d.0[0m: reg 0x24: [mem 0xf0806000-0xf0807fff]
[32m[Thu Apr 24 15:19:03 2025] [0m[33mACPI[0m: PCI Interrupt Link [LNKA] (IRQs 5 9 10 *11)
[32m[Thu Apr 24 15:19:03 2025] [0m[33mACPI[0m: PCI Interrupt Link [LNKB] (IRQs 5 9 *10 11)
[32m[Thu Apr 24 15:19:03 2025] [0m[33mACPI[0m: PCI Interrupt Link [LNKC] (IRQs 5 *9 10 11)
[32m[Thu Apr 24 15:19:03 2025] [0m[33mACPI[0m: PCI Interrupt Link [LNKD] (IRQs 5 9 10 *11)
[32m[Thu Apr 24 15:19:03 2025] [0m[33mpci 0000:00:02.0[0m: vgaarb: setting as boot VGA device
[32m[Thu Apr 24 15:19:03 2025] [0m[33mpci 0000:00:02.0[0m: vgaarb: VGA device added: decodes=io+mem,owns=io+mem,locks=none
[32m[Thu Apr 24 15:19:03 2025] [0m[33mpci 0000:00:02.0[0m: vgaarb: bridge control possible
[32m[Thu Apr 24 15:19:03 2025] [0m[33mvgaarb[0m: loaded
[32m[Thu Apr 24 15:19:03 2025] [0mSCSI subsystem initialized
[32m[Thu Apr 24 15:19:03 2025] [0mlibata version 3.00 loaded.
[32m[Thu Apr 24 15:19:03 2025] [0m[33mACPI[0m: bus type USB registered
[32m[Thu Apr 24 15:19:03 2025] [0m[33musbcore[0m: registered new interface driver usbfs
[32m[Thu Apr 24 15:19:03 2025] [0m[33musbcore[0m: registered new interface driver hub
[32m[Thu Apr 24 15:19:03 2025] [0m[33musbcore[0m: registered new device driver usb
[32m[Thu Apr 24 15:19:03 2025] [0m[33mpps_core[0m: LinuxPPS API ver. 1 registered
[32m[Thu Apr 24 15:19:03 2025] [0m[33mpps_core[0m: Software ver. 5.3.6 - Copyright 2005-2007 Rodolfo Giometti <giometti@linux.it>
[32m[Thu Apr 24 15:19:03 2025] [0mPTP clock support registered
[32m[Thu Apr 24 15:19:03 2025] [0m[33mEDAC MC[0m: Ver: 3.0.0
[32m[Thu Apr 24 15:19:03 2025] [0mAdvanced Linux Sound Architecture Driver Initialized.
[32m[Thu Apr 24 15:19:03 2025] [0m[33mPCI[0m: Using ACPI for IRQ routing
[32m[Thu Apr 24 15:19:03 2025] [0m[33mPCI[0m: pci_cache_line_size set to 64 bytes
[32m[Thu Apr 24 15:19:03 2025] [0m[33me820[0m: reserve RAM buffer [mem 0x0009fc00-0x0009ffff]
[32m[Thu Apr 24 15:19:03 2025] [0m[33me820[0m: reserve RAM buffer [mem 0xdfff0000-0xdfffffff]
[32m[Thu Apr 24 15:19:03 2025] [0m[33mNetLabel[0m: Initializing
[32m[Thu Apr 24 15:19:03 2025] [0m[33mNetLabel[0m:  domain hash size = 128
[32m[Thu Apr 24 15:19:03 2025] [0m[33mNetLabel[0m:  protocols = UNLABELED CIPSOv4 CALIPSO
[32m[Thu Apr 24 15:19:03 2025] [0m[33mNetLabel[0m:  unlabeled traffic allowed by default
[32m[Thu Apr 24 15:19:03 2025] [0m[33mclocksource[0m: Switched to clocksource refined-jiffies
[32m[Thu Apr 24 15:19:03 2025] [0m[33mVFS[0m: Disk quotas dquot_6.6.0
[32m[Thu Apr 24 15:19:03 2025] [0m[33mVFS[0m: Dquot-cache hash table entries: 512 (order 0, 4096 bytes)
[32m[Thu Apr 24 15:19:03 2025] [0m[33mpnp[0m: PnP ACPI init
[32m[Thu Apr 24 15:19:03 2025] [0m[33mpnp 00:00[0m: Plug and Play ACPI device, IDs PNP0303 (active)
[32m[Thu Apr 24 15:19:03 2025] [0m[33mpnp 00:01[0m: Plug and Play ACPI device, IDs PNP0f03 (active)
[32m[Thu Apr 24 15:19:03 2025] [0m[33mpnp[0m: PnP ACPI: found 2 devices
[32m[Thu Apr 24 15:19:03 2025] [0m[33mclocksource[0m: acpi_pm: mask: 0xffffff max_cycles: 0xffffff, max_idle_ns: 2085701024 ns
[32m[Thu Apr 24 15:19:03 2025] [0m[33mclocksource[0m: Switched to clocksource acpi_pm
[32m[Thu Apr 24 15:19:03 2025] [0m[33mpci_bus 0000:00[0m: resource 4 [io  0x0000-0x0cf7 window]
[32m[Thu Apr 24 15:19:03 2025] [0m[33mpci_bus 0000:00[0m: resource 5 [io  0x0d00-0xffff window]
[32m[Thu Apr 24 15:19:03 2025] [0m[33mpci_bus 0000:00[0m: resource 6 [mem 0x000a0000-0x000bffff window]
[32m[Thu Apr 24 15:19:03 2025] [0m[33mpci_bus 0000:00[0m: resource 7 [mem 0xe0000000-0xfdffffff window]
[32m[Thu Apr 24 15:19:03 2025] [0m[33mNET[0m: Registered protocol family 2
[32m[Thu Apr 24 15:19:03 2025] [0m[33mtcp_listen_portaddr_hash hash table entries[0m: 4096 (order: 4, 65536 bytes)
[32m[Thu Apr 24 15:19:03 2025] [0m[33mTCP established hash table entries[0m: 65536 (order: 7, 524288 bytes)
[32m[Thu Apr 24 15:19:03 2025] [0m[33mTCP bind hash table entries[0m: 65536 (order: 8, 1048576 bytes)
[32m[Thu Apr 24 15:19:03 2025] [0m[33mTCP[0m: Hash tables configured (established 65536 bind 65536)
[32m[Thu Apr 24 15:19:03 2025] [0m[33mUDP hash table entries[0m: 4096 (order: 5, 131072 bytes)
[32m[Thu Apr 24 15:19:03 2025] [0m[33mUDP-Lite hash table entries[0m: 4096 (order: 5, 131072 bytes)
[32m[Thu Apr 24 15:19:03 2025] [0m[33mNET[0m: Registered protocol family 1
[32m[Thu Apr 24 15:19:03 2025] [0m[33mRPC[0m: Registered named UNIX socket transport module.
[32m[Thu Apr 24 15:19:03 2025] [0m[33mRPC[0m: Registered udp transport module.
[32m[Thu Apr 24 15:19:03 2025] [0m[33mRPC[0m: Registered tcp transport module.
[32m[Thu Apr 24 15:19:03 2025] [0m[33mRPC[0m: Registered tcp NFSv4.1 backchannel transport module.
[32m[Thu Apr 24 15:19:03 2025] [0m[33mhrtimer[0m[1m: interrupt took 7258744 ns[0m
[32m[Thu Apr 24 15:19:03 2025] [0m[33mpci 0000:00:00.0[0m: Limiting direct PCI/PCI transfers
[32m[Thu Apr 24 15:19:03 2025] [0m[33mpci 0000:00:01.0[0m: Activating ISA DMA hang workarounds
[32m[Thu Apr 24 15:19:03 2025] [0m[33mpci 0000:00:02.0[0m: Video device with shadowed ROM at [mem 0x000c0000-0x000dffff]
[32m[Thu Apr 24 15:19:03 2025] [0m[33mPCI[0m: CLS 0 bytes, default 64
[32m[Thu Apr 24 15:19:03 2025] [0m[33mPCI-DMA[0m: Using software bounce buffering for IO (SWIOTLB)
[32m[Thu Apr 24 15:19:03 2025] [0msoftware IO TLB [mem 0xdbff0000-0xdfff0000] (64MB) mapped at [(____ptrval____)-(____ptrval____)]
[32m[Thu Apr 24 15:19:03 2025] [0m[33mplatform rtc_cmos[0m: registered platform RTC device (no PNP device found)
[32m[Thu Apr 24 15:19:03 2025] [0mScanning for low memory corruption every 60 seconds
[32m[Thu Apr 24 15:19:03 2025] [0mInitialise system trusted keyrings
[32m[Thu Apr 24 15:19:03 2025] [0m[33mcryptomgr_test (67) used greatest stack depth[0m: 15448 bytes left
[32m[Thu Apr 24 15:19:03 2025] [0m[33mworkingset[0m: timestamp_bits=56 max_order=21 bucket_order=0
[32m[Thu Apr 24 15:19:03 2025] [0m[33mNFS[0m: Registering the id_resolver key type
[32m[Thu Apr 24 15:19:03 2025] [0mKey type id_resolver registered
[32m[Thu Apr 24 15:19:03 2025] [0mKey type id_legacy registered
[32m[Thu Apr 24 15:19:03 2025] [0mSGI XFS with security attributes, no debug enabled
[32m[Thu Apr 24 15:19:03 2025] [0m[33mSELinux[0m:  Registering netfilter hooks
[32m[Thu Apr 24 15:19:03 2025] [0m[33mcryptomgr_test (82) used greatest stack depth[0m: 15368 bytes left
[32m[Thu Apr 24 15:19:03 2025] [0m[33mNET[0m: Registered protocol family 38
[32m[Thu Apr 24 15:19:03 2025] [0m[33masync_tx[0m: api initialized (async)
[32m[Thu Apr 24 15:19:03 2025] [0mKey type asymmetric registered
[32m[Thu Apr 24 15:19:03 2025] [0mAsymmetric key parser 'x509' registered
[32m[Thu Apr 24 15:19:03 2025] [0mBlock layer SCSI generic (bsg) driver version 0.4 loaded (major 251)
[32m[Thu Apr 24 15:19:03 2025] [0mio scheduler noop registered
[32m[Thu Apr 24 15:19:03 2025] [0mio scheduler deadline registered
[32m[Thu Apr 24 15:19:03 2025] [0mio scheduler cfq registered (default)
[32m[Thu Apr 24 15:19:03 2025] [0mio scheduler mq-deadline registered
[32m[Thu Apr 24 15:19:03 2025] [0mio scheduler kyber registered
[32m[Thu Apr 24 15:19:03 2025] [0m[33mACPI[0m: AC Adapter [AC] (on-line)
[32m[Thu Apr 24 15:19:03 2025] [0m[33minput[0m: Power Button as /devices/LNXSYSTM:00/LNXPWRBN:00/input/input0
[32m[Thu Apr 24 15:19:03 2025] [0m[33mACPI[0m: Power Button [PWRF]
[32m[Thu Apr 24 15:19:03 2025] [0m[33minput[0m: Sleep Button as /devices/LNXSYSTM:00/LNXSLPBN:00/input/input1
[32m[Thu Apr 24 15:19:03 2025] [0m[33mACPI[0m: Sleep Button [SLPF]
[32m[Thu Apr 24 15:19:03 2025] [0m[33mACPI[0m: Video Device [GFX0] (multi-head: yes  rom: no  post: no)
[32m[Thu Apr 24 15:19:03 2025] [0m[33minput[0m: Video Bus as /devices/LNXSYSTM:00/LNXSYBUS:00/PNP0A03:00/LNXVIDEO:00/input/input2
[32m[Thu Apr 24 15:19:03 2025] [0m[33mSerial[0m: 8250/16550 driver, 4 ports, IRQ sharing enabled
[32m[Thu Apr 24 15:19:03 2025] [0mNon-volatile memory driver v1.3
[32m[Thu Apr 24 15:19:03 2025] [0mLinux agpgart interface v0.103
[32m[Thu Apr 24 15:19:03 2025] [0m[33m[drm] DMA map mode[0m: Using physical TTM page addresses.
[32m[Thu Apr 24 15:19:03 2025] [0m[drm] Capabilities:
[32m[Thu Apr 24 15:19:03 2025] [0m[drm]   Rect copy.
[32m[Thu Apr 24 15:19:03 2025] [0m[drm]   Cursor.
[32m[Thu Apr 24 15:19:03 2025] [0m[drm]   Cursor bypass.
[32m[Thu Apr 24 15:19:03 2025] [0m[drm]   Cursor bypass 2.
[32m[Thu Apr 24 15:19:03 2025] [0m[drm]   Alpha cursor.
[32m[Thu Apr 24 15:19:03 2025] [0m[drm]   Extended Fifo.
[32m[Thu Apr 24 15:19:03 2025] [0m[drm]   Pitchlock.
[32m[Thu Apr 24 15:19:03 2025] [0m[drm]   Irq mask.
[32m[Thu Apr 24 15:19:03 2025] [0m[drm]   GMR.
[32m[Thu Apr 24 15:19:03 2025] [0m[drm]   Traces.
[32m[Thu Apr 24 15:19:03 2025] [0m[drm]   GMR2.
[32m[Thu Apr 24 15:19:03 2025] [0m[drm]   Screen Object 2.
[32m[Thu Apr 24 15:19:03 2025] [0m[drm]   Command Buffers.
[32m[Thu Apr 24 15:19:03 2025] [0m[drm]   Guest Backed Resources.
[32m[Thu Apr 24 15:19:03 2025] [0m[drm] Max GMR ids is 8192
[32m[Thu Apr 24 15:19:03 2025] [0m[drm] Max number of GMR pages is 1048576
[32m[Thu Apr 24 15:19:03 2025] [0m[drm] Max dedicated hypervisor surface memory is 507904 kiB
[32m[Thu Apr 24 15:19:03 2025] [0m[drm] Maximum display memory size is 16384 kiB
[32m[Thu Apr 24 15:19:03 2025] [0m[drm] VRAM at 0xe0000000 size is 16384 kiB
[32m[Thu Apr 24 15:19:03 2025] [0m[drm] MMIO at 0xf0000000 size is 2048 kiB
[32m[Thu Apr 24 15:19:03 2025] [0m[drm] global init.
[32m[Thu Apr 24 15:19:04 2025] [0m[33m[TTM] Zone  kernel[0m: Available graphics memory: 4081710 kiB
[32m[Thu Apr 24 15:19:04 2025] [0m[33m[TTM] Zone   dma32[0m: Available graphics memory: 2097152 kiB
[32m[Thu Apr 24 15:19:04 2025] [0m[TTM] Initializing pool allocator
[32m[Thu Apr 24 15:19:04 2025] [0m[TTM] Initializing DMA pool allocator
[32m[Thu Apr 24 15:19:04 2025] [0m[33mpmd_set_huge[0m[1m: Cannot satisfy [mem 0xf0000000-0xf0200000] with a huge-page mapping due to MTRR override.[0m
[32m[Thu Apr 24 15:19:04 2025] [0m[drm] Supports vblank timestamp caching Rev 2 (21.10.2013).
[32m[Thu Apr 24 15:19:04 2025] [0m[drm] No driver support for vblank timestamp query.
[32m[Thu Apr 24 15:19:04 2025] [0m[drm] Screen Target Display device initialized
[32m[Thu Apr 24 15:19:04 2025] [0m[drm] width 720
[32m[Thu Apr 24 15:19:04 2025] [0m[drm] height 400
[32m[Thu Apr 24 15:19:04 2025] [0m[drm] bpp 32
[32m[Thu Apr 24 15:19:04 2025] [0m[drm] Fifo max 0x00200000 min 0x00001000 cap 0x00000355
[32m[Thu Apr 24 15:19:04 2025] [0m[drm] Using command buffers with DMA pool.
[32m[Thu Apr 24 15:19:04 2025] [0m[33m[drm] DX[0m: no.
[32m[Thu Apr 24 15:19:04 2025] [0m[33m[drm] Atomic[0m: yes
[32m[Thu Apr 24 15:19:04 2025] [0m[31m[drm:vmw_host_log] *ERROR* Failed to send log[0m
[32m[Thu Apr 24 15:19:04 2025] [0m[31m[drm:vmw_host_log] *ERROR* Failed to send log[0m
[32m[Thu Apr 24 15:19:04 2025] [0m[33mfbcon[0m: svgadrmfb (fb0) is primary device
[32m[Thu Apr 24 15:19:04 2025] [0m[33mConsole[0m: switching to colour frame buffer device 100x37
[32m[Thu Apr 24 15:19:04 2025] [0m[drm] Initialized vmwgfx 2.14.1 20180322 for 0000:00:02.0 on minor 0
[32m[Thu Apr 24 15:19:04 2025] [0m[33mloop[0m: module loaded
[32m[Thu Apr 24 15:19:04 2025] [0m[33mahci 0000:00:0d.0[0m: version 3.0
[32m[Thu Apr 24 15:19:04 2025] [0m[33mahci 0000:00:0d.0[0m: SSS flag set, parallel bus scan disabled
[32m[Thu Apr 24 15:19:04 2025] [0m[33mahci 0000:00:0d.0[0m: AHCI 0001.0100 32 slots 1 ports 3 Gbps 0x1 impl SATA mode
[32m[Thu Apr 24 15:19:04 2025] [0m[33mahci 0000:00:0d.0[0m: flags: 64bit ncq stag only ccc 
[32m[Thu Apr 24 15:19:04 2025] [0m[33mscsi host0[0m: ahci
[32m[Thu Apr 24 15:19:04 2025] [0m[33mata1[0m: SATA max UDMA/133 abar m8192@0xf0806000 port 0xf0806100 irq 21
[32m[Thu Apr 24 15:19:04 2025] [0m[33mata_piix 0000:00:01.1[0m: version 2.13
[32m[Thu Apr 24 15:19:04 2025] [0m[33mscsi host1[0m: ata_piix
[32m[Thu Apr 24 15:19:04 2025] [0m[33mscsi host2[0m: ata_piix
[32m[Thu Apr 24 15:19:04 2025] [0m[33mata2[0m: PATA max UDMA/33 cmd 0x1f0 ctl 0x3f6 bmdma 0xd000 irq 14
[32m[Thu Apr 24 15:19:04 2025] [0m[33mata3[0m: PATA max UDMA/33 cmd 0x170 ctl 0x376 bmdma 0xd008 irq 15
[32m[Thu Apr 24 15:19:04 2025] [0m[33me100[0m: Intel(R) PRO/100 Network Driver, 3.5.24-k2-NAPI
[32m[Thu Apr 24 15:19:04 2025] [0m[33me100[0m: Copyright(c) 1999-2006 Intel Corporation
[32m[Thu Apr 24 15:19:04 2025] [0m[33me1000[0m: Intel(R) PRO/1000 Network Driver - version 7.3.21-k8-NAPI
[32m[Thu Apr 24 15:19:04 2025] [0m[33me1000[0m: Copyright (c) 1999-2006 Intel Corporation.
[32m[Thu Apr 24 15:19:04 2025] [0m[33mata3.00[0m: ATAPI: VBOX CD-ROM, 1.0, max UDMA/133
[32m[Thu Apr 24 15:19:04 2025] [0m[33mata1[0m: SATA link up 3.0 Gbps (SStatus 123 SControl 300)
[32m[Thu Apr 24 15:19:04 2025] [0m[33mata1.00[0m: ATA-6: VBOX HARDDISK, 1.0, max UDMA/133
[32m[Thu Apr 24 15:19:04 2025] [0m[33mata1.00[0m: 41943040 sectors, multi 128: LBA48 NCQ (depth 32)
[32m[Thu Apr 24 15:19:04 2025] [0m[33mata1.00[0m: configured for UDMA/133
[32m[Thu Apr 24 15:19:04 2025] [0m[33mscsi 0:0:0:0[0m: Direct-Access     ATA      VBOX HARDDISK    1.0  PQ: 0 ANSI: 5
[32m[Thu Apr 24 15:19:04 2025] [0m[33msd 0:0:0:0[0m: Attached scsi generic sg0 type 0
[32m[Thu Apr 24 15:19:04 2025] [0m[33msd 0:0:0:0[0m: [sda] 41943040 512-byte logical blocks: (21.5 GB/20.0 GiB)
[32m[Thu Apr 24 15:19:04 2025] [0m[33msd 0:0:0:0[0m: [sda] Write Protect is off
[32m[Thu Apr 24 15:19:04 2025] [0m[33msd 0:0:0:0[0m: [sda] Mode Sense: 00 3a 00 00
[32m[Thu Apr 24 15:19:04 2025] [0m[33msd 0:0:0:0[0m: [sda] Write cache: enabled, read cache: enabled, doesn't support DPO or FUA
[32m[Thu Apr 24 15:19:04 2025] [0m[33mscsi 2:0:0:0[0m: CD-ROM            VBOX     CD-ROM           1.0  PQ: 0 ANSI: 5
[32m[Thu Apr 24 15:19:04 2025] [0m[33m sda[0m: sda1 sda2 sda3
[32m[Thu Apr 24 15:19:04 2025] [0m[33msd 0:0:0:0[0m: [sda] Attached SCSI disk
[32m[Thu Apr 24 15:19:05 2025] [0m[33me1000 0000:00:03.0 eth0[0m: (PCI:33MHz:32-bit) 08:00:27:ec:81:d2
[32m[Thu Apr 24 15:19:05 2025] [0m[33me1000 0000:00:03.0 eth0[0m: Intel(R) PRO/1000 Network Connection
[32m[Thu Apr 24 15:19:05 2025] [0m[33me1000e[0m: Intel(R) PRO/1000 Network Driver - 3.2.6-k
[32m[Thu Apr 24 15:19:05 2025] [0m[33me1000e[0m: Copyright(c) 1999 - 2015 Intel Corporation.
[32m[Thu Apr 24 15:19:05 2025] [0m[33msky2[0m: driver version 1.30
[32m[Thu Apr 24 15:19:05 2025] [0m[33mehci_hcd[0m: USB 2.0 'Enhanced' Host Controller (EHCI) Driver
[32m[Thu Apr 24 15:19:05 2025] [0m[33mehci-pci[0m: EHCI PCI platform driver
[32m[Thu Apr 24 15:19:05 2025] [0m[33mehci-pci 0000:00:0b.0[0m: EHCI Host Controller
[32m[Thu Apr 24 15:19:05 2025] [0m[33msr 2:0:0:0[0m: [sr0] scsi3-mmc drive: 32x/32x xa/form2 tray
[32m[Thu Apr 24 15:19:05 2025] [0m[33mcdrom[0m: Uniform CD-ROM driver Revision: 3.20
[32m[Thu Apr 24 15:19:05 2025] [0m[33msr 2:0:0:0[0m: Attached scsi CD-ROM sr0
[32m[Thu Apr 24 15:19:05 2025] [0m[33mehci-pci 0000:00:0b.0[0m: new USB bus registered, assigned bus number 1
[32m[Thu Apr 24 15:19:05 2025] [0m[33mehci-pci 0000:00:0b.0[0m: irq 19, io mem 0xf0805000
[32m[Thu Apr 24 15:19:05 2025] [0m[33msr 2:0:0:0[0m: Attached scsi generic sg1 type 5
[32m[Thu Apr 24 15:19:05 2025] [0m[33mehci-pci 0000:00:0b.0[0m: USB 2.0 started, EHCI 1.00
[32m[Thu Apr 24 15:19:05 2025] [0m[33musb usb1[0m: New USB device found, idVendor=1d6b, idProduct=0002, bcdDevice= 4.18
[32m[Thu Apr 24 15:19:05 2025] [0m[33musb usb1[0m: New USB device strings: Mfr=3, Product=2, SerialNumber=1
[32m[Thu Apr 24 15:19:05 2025] [0m[33musb usb1[0m: Product: EHCI Host Controller
[32m[Thu Apr 24 15:19:05 2025] [0m[33musb usb1[0m: Manufacturer: Linux 4.18.5-alevasse ehci_hcd
[32m[Thu Apr 24 15:19:05 2025] [0m[33musb usb1[0m: SerialNumber: 0000:00:0b.0
[32m[Thu Apr 24 15:19:05 2025] [0m[33mhub 1-0:1.0[0m: USB hub found
[32m[Thu Apr 24 15:19:05 2025] [0m[33mhub 1-0:1.0[0m: 12 ports detected
[32m[Thu Apr 24 15:19:05 2025] [0m[33mohci_hcd[0m: USB 1.1 'Open' Host Controller (OHCI) Driver
[32m[Thu Apr 24 15:19:05 2025] [0m[33mohci-pci[0m: OHCI PCI platform driver
[32m[Thu Apr 24 15:19:05 2025] [0m[33mohci-pci 0000:00:06.0[0m: OHCI PCI host controller
[32m[Thu Apr 24 15:19:05 2025] [0m[33mohci-pci 0000:00:06.0[0m: new USB bus registered, assigned bus number 2
[32m[Thu Apr 24 15:19:05 2025] [0m[33mohci-pci 0000:00:06.0[0m: irq 22, io mem 0xf0804000
[32m[Thu Apr 24 15:19:05 2025] [0m[33musb usb2[0m: New USB device found, idVendor=1d6b, idProduct=0001, bcdDevice= 4.18
[32m[Thu Apr 24 15:19:05 2025] [0m[33musb usb2[0m: New USB device strings: Mfr=3, Product=2, SerialNumber=1
[32m[Thu Apr 24 15:19:05 2025] [0m[33musb usb2[0m: Product: OHCI PCI host controller
[32m[Thu Apr 24 15:19:05 2025] [0m[33musb usb2[0m: Manufacturer: Linux 4.18.5-alevasse ohci_hcd
[32m[Thu Apr 24 15:19:05 2025] [0m[33musb usb2[0m: SerialNumber: 0000:00:06.0
[32m[Thu Apr 24 15:19:05 2025] [0m[33mhub 2-0:1.0[0m: USB hub found
[32m[Thu Apr 24 15:19:05 2025] [0m[33mhub 2-0:1.0[0m: 12 ports detected
[32m[Thu Apr 24 15:19:05 2025] [0m[33muhci_hcd[0m: USB Universal Host Controller Interface driver
[32m[Thu Apr 24 15:19:05 2025] [0m[33musbcore[0m: registered new interface driver usblp
[32m[Thu Apr 24 15:19:05 2025] [0m[33musbcore[0m: registered new interface driver usb-storage
[32m[Thu Apr 24 15:19:05 2025] [0m[33mi8042[0m: PNP: PS/2 Controller [PNP0303:PS2K,PNP0f03:PS2M] at 0x60,0x64 irq 1,12
[32m[Thu Apr 24 15:19:05 2025] [0m[33mserio[0m: i8042 KBD port at 0x60,0x64 irq 1
[32m[Thu Apr 24 15:19:05 2025] [0m[33mserio[0m: i8042 AUX port at 0x60,0x64 irq 12
[32m[Thu Apr 24 15:19:05 2025] [0m[33minput[0m: AT Translated Set 2 keyboard as /devices/platform/i8042/serio0/input/input3
[32m[Thu Apr 24 15:19:05 2025] [0m[33mrtc_cmos rtc_cmos[0m: registered as rtc0
[32m[Thu Apr 24 15:19:05 2025] [0m[33mrtc_cmos rtc_cmos[0m: alarms up to one day, 114 bytes nvram
[32m[Thu Apr 24 15:19:05 2025] [0m[33mdevice-mapper[0m: ioctl: 4.39.0-ioctl (2018-04-03) initialised: dm-devel@redhat.com
[32m[Thu Apr 24 15:19:05 2025] [0m[33mhidraw[0m: raw HID events driver (C) Jiri Kosina
[32m[Thu Apr 24 15:19:05 2025] [0m[33musbcore[0m: registered new interface driver usbhid
[32m[Thu Apr 24 15:19:05 2025] [0m[33musbhid[0m: USB HID core driver
[32m[Thu Apr 24 15:19:05 2025] [0mInitializing XFRM netlink socket
[32m[Thu Apr 24 15:19:05 2025] [0m[33mNET[0m: Registered protocol family 10
[32m[Thu Apr 24 15:19:05 2025] [0mSegment Routing with IPv6
[32m[Thu Apr 24 15:19:05 2025] [0m[33msit[0m: IPv6, IPv4 and MPLS over IPv4 tunneling driver
[32m[Thu Apr 24 15:19:05 2025] [0m[33mNET[0m: Registered protocol family 17
[32m[Thu Apr 24 15:19:05 2025] [0mKey type dns_resolver registered
[32m[Thu Apr 24 15:19:05 2025] [0mregistered taskstats version 1
[32m[Thu Apr 24 15:19:05 2025] [0mLoading compiled-in X.509 certificates
[32m[Thu Apr 24 15:19:05 2025] [0mBtrfs loaded, crc32c=crc32c-generic
[32m[Thu Apr 24 15:19:05 2025] [0m[33mUnable to create integrity sysfs dir[0m[31m: -19[0m
[32m[Thu Apr 24 15:19:05 2025] [0m[33m  Magic number[0m: 5:441:332
[32m[Thu Apr 24 15:19:05 2025] [0m[33mtty tty53[0m: hash matches
[32m[Thu Apr 24 15:19:05 2025] [0mconsole [netcon0] enabled
[32m[Thu Apr 24 15:19:05 2025] [0m[33mnetconsole[0m: network logging started
[32m[Thu Apr 24 15:19:05 2025] [0m[33mcfg80211[0m: Loading compiled-in X.509 certificates for regulatory database
[32m[Thu Apr 24 15:19:05 2025] [0m[33mkworker/u16:2 (121) used greatest stack depth[0m: 14072 bytes left
[32m[Thu Apr 24 15:19:05 2025] [0m[33mcfg80211[0m: Loaded X.509 cert 'sforshee: 00b28ddf47aef9cea7'
[32m[Thu Apr 24 15:19:05 2025] [0m[33mplatform regulatory.0[0m[1m: Direct firmware load for regulatory.db failed with error -2[0m
[32m[Thu Apr 24 15:19:05 2025] [0m[33mcfg80211[0m: failed to load regulatory.db
[32m[Thu Apr 24 15:19:05 2025] [0m[1mUnstable clock detected, switching default tracing clock to "global"
                           If you want to keep using the local clock, then add:
                             "trace_clock=local"
                           on the kernel command line[0m
[32m[Thu Apr 24 15:19:05 2025] [0mALSA device list:
[32m[Thu Apr 24 15:19:05 2025] [0m  No soundcards found.
[32m[Thu Apr 24 15:19:06 2025] [0m[33mrandom[0m: fast init done
[32m[Thu Apr 24 15:19:06 2025] [0m[33minput[0m: ImExPS/2 Generic Explorer Mouse as /devices/platform/i8042/serio1/input/input5
[32m[Thu Apr 24 15:19:06 2025] [0m[33mmd[0m: Waiting for all devices to be available before autodetect
[32m[Thu Apr 24 15:19:06 2025] [0m[33mmd[0m: If you don't use raid, use raid=noautodetect
[32m[Thu Apr 24 15:19:06 2025] [0m[33mmd[0m: Autodetecting RAID arrays.
[32m[Thu Apr 24 15:19:06 2025] [0m[33mmd[0m: autorun ...
[32m[Thu Apr 24 15:19:06 2025] [0m[33mmd[0m: ... autorun DONE.
[32m[Thu Apr 24 15:19:06 2025] [0m[33mEXT4-fs (sda3)[0m: mounted filesystem with ordered data mode. Opts: (null)
[32m[Thu Apr 24 15:19:06 2025] [0m[33mVFS[0m: Mounted root (ext4 filesystem) readonly on device 8:3.
[32m[Thu Apr 24 15:19:06 2025] [0m[33mdevtmpfs[0m: mounted
[32m[Thu Apr 24 15:19:06 2025] [0m[33mFreeing unused kernel image memory[0m: 1304K
[32m[Thu Apr 24 15:19:06 2025] [0m[33mWrite protecting the kernel read-only data[0m: 22528k
[32m[Thu Apr 24 15:19:06 2025] [0m[33mFreeing unused kernel image memory[0m: 2000K
[32m[Thu Apr 24 15:19:06 2025] [0m[33mFreeing unused kernel image memory[0m: 548K
[32m[Thu Apr 24 15:19:06 2025] [0m[33musb 2-1[0m: new full-speed USB device number 2 using ohci-pci
[32m[Thu Apr 24 15:19:06 2025] [0m[33mstty (134) used greatest stack depth[0m: 12872 bytes left
[32m[Thu Apr 24 15:19:07 2025] [0m[33musb 2-1[0m: New USB device found, idVendor=80ee, idProduct=0021, bcdDevice= 1.00
[32m[Thu Apr 24 15:19:07 2025] [0m[33musb 2-1[0m: New USB device strings: Mfr=1, Product=3, SerialNumber=0
[32m[Thu Apr 24 15:19:07 2025] [0m[33musb 2-1[0m: Product: USB Tablet
[32m[Thu Apr 24 15:19:07 2025] [0m[33musb 2-1[0m: Manufacturer: VirtualBox
[32m[Thu Apr 24 15:19:07 2025] [0m[33minput[0m: VirtualBox USB Tablet as /devices/pci0000:00/0000:00:06.0/usb2/2-1/2-1:1.0/0003:80EE:0021.0001/input/input6
[32m[Thu Apr 24 15:19:07 2025] [0m[33mhid-generic 0003:80EE:0021.0001[0m: input,hidraw0: USB HID v1.10 Mouse [VirtualBox USB Tablet] on usb-0000:00:06.0-1/input0
[32m[Thu Apr 24 15:19:07 2025] [0m[33mip (197) used greatest stack depth[0m: 12056 bytes left
[32m[Thu Apr 24 15:19:07 2025] [0m[33mudevd[227][0m: starting version 3.2.5
[32m[Thu Apr 24 15:19:07 2025] [0m[33mrandom[0m: udevd: uninitialized urandom read (16 bytes read)
[32m[Thu Apr 24 15:19:07 2025] [0m[33mrandom[0m: udevd: uninitialized urandom read (16 bytes read)
[32m[Thu Apr 24 15:19:07 2025] [0m[33mrandom[0m: udevd: uninitialized urandom read (16 bytes read)
[32m[Thu Apr 24 15:19:07 2025] [0m[33mudevd[228][0m: starting eudev-3.2.5
[32m[Thu Apr 24 15:19:07 2025] [0m[33me1000 0000:00:03.0 enp0s3[0m: renamed from eth0
[32m[Thu Apr 24 15:19:07 2025] [0m[33musb 2-2[0m: new full-speed USB device number 3 using ohci-pci
[32m[Thu Apr 24 15:19:07 2025] [0m[33mrandom[0m: crng init done
[32m[Thu Apr 24 15:19:07 2025] [0m[33mrandom[0m: 7 urandom warning(s) missed due to ratelimiting
[32m[Thu Apr 24 15:19:08 2025] [0m[33musb 2-2[0m: New USB device found, idVendor=413c, idProduct=4503, bcdDevice= 2.40
[32m[Thu Apr 24 15:19:08 2025] [0m[33musb 2-2[0m: New USB device strings: Mfr=1, Product=2, SerialNumber=0
[32m[Thu Apr 24 15:19:08 2025] [0m[33musb 2-2[0m: Product: Dell Universal Receiver
[32m[Thu Apr 24 15:19:08 2025] [0m[33musb 2-2[0m: Manufacturer: Dell Computer Corp
[32m[Thu Apr 24 15:19:08 2025] [0m[33minput[0m: Dell Computer Corp Dell Universal Receiver as /devices/pci0000:00/0000:00:06.0/usb2/2-2/2-2:1.0/0003:413C:4503.0002/input/input7
[32m[Thu Apr 24 15:19:09 2025] [0m[33mhid-generic 0003:413C:4503.0002[0m: input,hidraw1: USB HID v1.11 Keyboard [Dell Computer Corp Dell Universal Receiver] on usb-0000:00:06.0-2/input0
[32m[Thu Apr 24 15:19:09 2025] [0m[33minput[0m: Dell Computer Corp Dell Universal Receiver Mouse as /devices/pci0000:00/0000:00:06.0/usb2/2-2/2-2:1.1/0003:413C:4503.0003/input/input8
[32m[Thu Apr 24 15:19:09 2025] [0m[33minput[0m: Dell Computer Corp Dell Universal Receiver Consumer Control as /devices/pci0000:00/0000:00:06.0/usb2/2-2/2-2:1.1/0003:413C:4503.0003/input/input9
[32m[Thu Apr 24 15:19:09 2025] [0m[33minput[0m: Dell Computer Corp Dell Universal Receiver System Control as /devices/pci0000:00/0000:00:06.0/usb2/2-2/2-2:1.1/0003:413C:4503.0003/input/input10
[32m[Thu Apr 24 15:19:09 2025] [0m[33mhid-generic 0003:413C:4503.0003[0m: input,hidraw2: USB HID v1.11 Mouse [Dell Computer Corp Dell Universal Receiver] on usb-0000:00:06.0-2/input1
[32m[Thu Apr 24 15:19:09 2025] [0m[33mhid-generic 0003:413C:4503.0004[0m: hiddev96,hidraw3: USB HID v1.11 Device [Dell Computer Corp Dell Universal Receiver] on usb-0000:00:06.0-2/input2
[32m[Thu Apr 24 15:19:10 2025] [0m[33mmain[0m[1m: loading out-of-tree module taints kernel.[0m
[32m[Thu Apr 24 15:19:10 2025] [0mKeyboard plugged in!
[32m[Thu Apr 24 15:19:10 2025] [0mAdding 2097148k swap on /dev/sda2.  Priority:1 extents:1 across:2097148k 
[32m[Thu Apr 24 15:19:10 2025] [0m[33mEXT4-fs (sda3)[0m: re-mounted. Opts: (null)
[32m[Thu Apr 24 15:19:12 2025] [0m[33mEXT4-fs (sda3)[0m: re-mounted. Opts: (null)
[32m[Thu Apr 24 15:19:12 2025] [0m[33mEXT4-fs (sda1)[0m: mounted filesystem with ordered data mode. Opts: (null)
[32m[Thu Apr 24 15:19:14 2025] [0m[33me1000[0m: enp0s3 NIC Link is Up 1000 Mbps Full Duplex, Flow Control: RX
[32m[Thu Apr 24 15:19:14 2025] [0m[33mIPv6[0m: ADDRCONF(NETDEV_UP): enp0s3: link is not ready
[32m[Thu Apr 24 15:19:14 2025] [0m[33mIPv6[0m: ADDRCONF(NETDEV_CHANGE): enp0s3: link becomes ready
[32m[Thu Apr 24 15:20:05 2025] [0m[33musb 2-2[0m: USB disconnect, device number 3
[32m[Thu Apr 24 15:20:06 2025] [0mCleaning up module.
