[32m[Thu May 15 15:29:25 2025] [0mLinux version 6.15.0-rc6-next-20250515 (root@alevasse) (gcc (GCC) 8.2.0, GNU ld (GNU Binutils) 2.31.1) #2 SMP PREEMPT_DYNAMIC Thu May 15 15:22:55 CEST 2025
[32m[Thu May 15 15:29:25 2025] [0m[33mCommand line[0m: BOOT_IMAGE=/vmlinuz-next root=/dev/sda3 ro
[32m[Thu May 15 15:29:25 2025] [0mBIOS-provided physical RAM map:
[32m[Thu May 15 15:29:25 2025] [0m[33mBIOS-e820[0m: [mem 0x0000000000000000-0x000000000009fbff] usable
[32m[Thu May 15 15:29:25 2025] [0m[33mBIOS-e820[0m: [mem 0x000000000009fc00-0x000000000009ffff] reserved
[32m[Thu May 15 15:29:25 2025] [0m[33mBIOS-e820[0m: [mem 0x00000000000f0000-0x00000000000fffff] reserved
[32m[Thu May 15 15:29:25 2025] [0m[33mBIOS-e820[0m: [mem 0x0000000000100000-0x00000000dffeffff] usable
[32m[Thu May 15 15:29:25 2025] [0m[33mBIOS-e820[0m: [mem 0x00000000dfff0000-0x00000000dfffffff] ACPI data
[32m[Thu May 15 15:29:25 2025] [0m[33mBIOS-e820[0m: [mem 0x00000000fec00000-0x00000000fec00fff] reserved
[32m[Thu May 15 15:29:25 2025] [0m[33mBIOS-e820[0m: [mem 0x00000000fee00000-0x00000000fee00fff] reserved
[32m[Thu May 15 15:29:25 2025] [0m[33mBIOS-e820[0m: [mem 0x00000000fffc0000-0x00000000ffffffff] reserved
[32m[Thu May 15 15:29:25 2025] [0m[33mBIOS-e820[0m: [mem 0x0000000100000000-0x000000021fffffff] usable
[32m[Thu May 15 15:29:25 2025] [0m[33mNX (Execute Disable) protection[0m: active
[32m[Thu May 15 15:29:25 2025] [0m[33mAPIC[0m: Static calls initialized
[32m[Thu May 15 15:29:25 2025] [0mSMBIOS 2.5 present.
[32m[Thu May 15 15:29:25 2025] [0m[33mDMI[0m: innotek GmbH VirtualBox/VirtualBox, BIOS VirtualBox 12/01/2006
[32m[Thu May 15 15:29:25 2025] [0m[33mDMI[0m: Memory slots populated: 0/0
[32m[Thu May 15 15:29:25 2025] [0m[33mHypervisor detected[0m: KVM
[32m[Thu May 15 15:29:25 2025] [0m[33mkvm-clock[0m: Using msrs 4b564d01 and 4b564d00
[32m[Thu May 15 15:29:25 2025] [0m[33mkvm-clock[0m: using sched offset of 6115985643 cycles
[32m[Thu May 15 15:29:25 2025] [0m[33mclocksource[0m: kvm-clock: mask: 0xffffffffffffffff max_cycles: 0x1cd42e4dffb, max_idle_ns: 881590591483 ns
[32m[Thu May 15 15:29:25 2025] [0m[33mtsc[0m: Detected 2111.998 MHz processor
[32m[Thu May 15 15:29:25 2025] [0m[33me820[0m: update [mem 0x00000000-0x00000fff] usable ==> reserved
[32m[Thu May 15 15:29:25 2025] [0m[33me820[0m: remove [mem 0x000a0000-0x000fffff] usable
[32m[Thu May 15 15:29:25 2025] [0mlast_pfn = 0x220000 max_arch_pfn = 0x400000000
[32m[Thu May 15 15:29:25 2025] [0m[33mMTRR map[0m: 6 entries (3 fixed + 3 variable; max 35), built from 16 variable MTRRs
[32m[Thu May 15 15:29:25 2025] [0m[33mx86/PAT[0m: Configuration [0-7]: WB  WC  UC- UC  WB  WP  UC- WT  
[32m[Thu May 15 15:29:25 2025] [0m[33me820[0m: update [mem 0xe0000000-0xffffffff] usable ==> reserved
[32m[Thu May 15 15:29:25 2025] [0mlast_pfn = 0xe0000 max_arch_pfn = 0x400000000
[32m[Thu May 15 15:29:25 2025] [0mfound SMP MP-table at [mem 0x0009fbf0-0x0009fbff]
[32m[Thu May 15 15:29:25 2025] [0m[33mACPI[0m: Early table checksum verification disabled
[32m[Thu May 15 15:29:25 2025] [0m[33mACPI[0m: RSDP 0x00000000000E0000 000024 (v02 VBOX  )
[32m[Thu May 15 15:29:25 2025] [0m[33mACPI[0m: XSDT 0x00000000DFFF0030 00003C (v01 VBOX   VBOXXSDT 00000001 ASL  00000061)
[32m[Thu May 15 15:29:25 2025] [0m[33mACPI[0m: FACP 0x00000000DFFF00F0 0000F4 (v04 VBOX   VBOXFACP 00000001 ASL  00000061)
[32m[Thu May 15 15:29:25 2025] [0m[33mACPI[0m: DSDT 0x00000000DFFF0640 002353 (v02 VBOX   VBOXBIOS 00000002 INTL 20200925)
[32m[Thu May 15 15:29:25 2025] [0m[33mACPI[0m: FACS 0x00000000DFFF0200 000040
[32m[Thu May 15 15:29:25 2025] [0m[33mACPI[0m: FACS 0x00000000DFFF0200 000040
[32m[Thu May 15 15:29:25 2025] [0m[33mACPI[0m: APIC 0x00000000DFFF0240 00008C (v02 VBOX   VBOXAPIC 00000001 ASL  00000061)
[32m[Thu May 15 15:29:25 2025] [0m[33mACPI[0m: SSDT 0x00000000DFFF02D0 00036C (v01 VBOX   VBOXCPUT 00000002 INTL 20200925)
[32m[Thu May 15 15:29:25 2025] [0m[33mACPI[0m: Reserving FACP table memory at [mem 0xdfff00f0-0xdfff01e3]
[32m[Thu May 15 15:29:25 2025] [0m[33mACPI[0m: Reserving DSDT table memory at [mem 0xdfff0640-0xdfff2992]
[32m[Thu May 15 15:29:25 2025] [0m[33mACPI[0m: Reserving FACS table memory at [mem 0xdfff0200-0xdfff023f]
[32m[Thu May 15 15:29:25 2025] [0m[33mACPI[0m: Reserving FACS table memory at [mem 0xdfff0200-0xdfff023f]
[32m[Thu May 15 15:29:25 2025] [0m[33mACPI[0m: Reserving APIC table memory at [mem 0xdfff0240-0xdfff02cb]
[32m[Thu May 15 15:29:25 2025] [0m[33mACPI[0m: Reserving SSDT table memory at [mem 0xdfff02d0-0xdfff063b]
[32m[Thu May 15 15:29:25 2025] [0mNo NUMA configuration found
[32m[Thu May 15 15:29:25 2025] [0mFaking a node at [mem 0x0000000000000000-0x000000021fffffff]
[32m[Thu May 15 15:29:25 2025] [0mNODE_DATA(0) allocated [mem 0x21fff8900-0x21fffbfff]
[32m[Thu May 15 15:29:25 2025] [0mZone ranges:
[32m[Thu May 15 15:29:25 2025] [0m  DMA      [mem 0x0000000000001000-0x0000000000ffffff]
[32m[Thu May 15 15:29:25 2025] [0m  DMA32    [mem 0x0000000001000000-0x00000000ffffffff]
[32m[Thu May 15 15:29:25 2025] [0m  Normal   [mem 0x0000000100000000-0x000000021fffffff]
[32m[Thu May 15 15:29:25 2025] [0mMovable zone start for each node
[32m[Thu May 15 15:29:25 2025] [0mEarly memory node ranges
[32m[Thu May 15 15:29:25 2025] [0m[33m  node   0[0m: [mem 0x0000000000001000-0x000000000009efff]
[32m[Thu May 15 15:29:25 2025] [0m[33m  node   0[0m: [mem 0x0000000000100000-0x00000000dffeffff]
[32m[Thu May 15 15:29:25 2025] [0m[33m  node   0[0m: [mem 0x0000000100000000-0x000000021fffffff]
[32m[Thu May 15 15:29:25 2025] [0mInitmem setup node 0 [mem 0x0000000000001000-0x000000021fffffff]
[32m[Thu May 15 15:29:25 2025] [0m[33mOn node 0, zone DMA[0m: 1 pages in unavailable ranges
[32m[Thu May 15 15:29:25 2025] [0m[33mOn node 0, zone DMA[0m: 97 pages in unavailable ranges
[32m[Thu May 15 15:29:25 2025] [0m[33mOn node 0, zone Normal[0m: 16 pages in unavailable ranges
[32m[Thu May 15 15:29:25 2025] [0m[33mACPI[0m: PM-Timer IO Port: 0x4008
[32m[Thu May 15 15:29:25 2025] [0m[33mIOAPIC[0][0m: apic_id 8, version 32, address 0xfec00000, GSI 0-23
[32m[Thu May 15 15:29:25 2025] [0m[33mACPI[0m: INT_SRC_OVR (bus 0 bus_irq 0 global_irq 2 dfl dfl)
[32m[Thu May 15 15:29:25 2025] [0m[33mACPI[0m: INT_SRC_OVR (bus 0 bus_irq 9 global_irq 9 low level)
[32m[Thu May 15 15:29:25 2025] [0m[33mACPI[0m: Using ACPI (MADT) for SMP configuration information
[32m[Thu May 15 15:29:25 2025] [0m[33mCPU topo[0m: Max. logical packages:   1
[32m[Thu May 15 15:29:25 2025] [0m[33mCPU topo[0m: Max. logical dies:       1
[32m[Thu May 15 15:29:25 2025] [0m[33mCPU topo[0m: Max. dies per package:   1
[32m[Thu May 15 15:29:25 2025] [0m[33mCPU topo[0m: Max. threads per core:   1
[32m[Thu May 15 15:29:25 2025] [0m[33mCPU topo[0m: Num. cores per package:     8
[32m[Thu May 15 15:29:25 2025] [0m[33mCPU topo[0m: Num. threads per package:   8
[32m[Thu May 15 15:29:25 2025] [0m[33mCPU topo[0m: Allowing 8 present CPUs plus 0 hotplug CPUs
[32m[Thu May 15 15:29:25 2025] [0m[33mPM[0m: hibernation: Registered nosave memory: [mem 0x00000000-0x00000fff]
[32m[Thu May 15 15:29:25 2025] [0m[33mPM[0m: hibernation: Registered nosave memory: [mem 0x0009f000-0x000fffff]
[32m[Thu May 15 15:29:25 2025] [0m[33mPM[0m: hibernation: Registered nosave memory: [mem 0xdfff0000-0xffffffff]
[32m[Thu May 15 15:29:25 2025] [0m[mem 0xe0000000-0xfebfffff] available for PCI devices
[32m[Thu May 15 15:29:25 2025] [0mBooting paravirtualized kernel on KVM
[32m[Thu May 15 15:29:25 2025] [0m[33mclocksource[0m: refined-jiffies: mask: 0xffffffff max_cycles: 0xffffffff, max_idle_ns: 1910969940391419 ns
[32m[Thu May 15 15:29:25 2025] [0m[33msetup_percpu[0m: NR_CPUS:64 nr_cpumask_bits:8 nr_cpu_ids:8 nr_node_ids:1
[32m[Thu May 15 15:29:25 2025] [0m[33mpercpu[0m: Embedded 52 pages/cpu s172312 r8192 d32488 u262144
[32m[Thu May 15 15:29:25 2025] [0m[33mpcpu-alloc[0m: s172312 r8192 d32488 u262144 alloc=1*2097152
[32m[Thu May 15 15:29:25 2025] [0m[33mpcpu-alloc[0m: [0] 0 1 2 3 4 5 6 7 
[32m[Thu May 15 15:29:25 2025] [0m[33mKernel command line[0m: BOOT_IMAGE=/vmlinuz-next root=/dev/sda3 ro
[32m[Thu May 15 15:29:25 2025] [0mUnknown kernel command line parameters "BOOT_IMAGE=/vmlinuz-next", will be passed to user space.
[32m[Thu May 15 15:29:25 2025] [0m[33mrandom[0m: crng init done
[32m[Thu May 15 15:29:25 2025] [0m[33mprintk[0m: log buffer data + meta data: 262144 + 917504 = 1179648 bytes
[32m[Thu May 15 15:29:25 2025] [0m[33mDentry cache hash table entries[0m: 1048576 (order: 11, 8388608 bytes, linear)
[32m[Thu May 15 15:29:25 2025] [0m[33mInode-cache hash table entries[0m: 524288 (order: 10, 4194304 bytes, linear)
[32m[Thu May 15 15:29:25 2025] [0m[33msoftware IO TLB[0m: area num 8.
[32m[Thu May 15 15:29:25 2025] [0m[33mFallback order for Node 0[0m: 0 
[32m[Thu May 15 15:29:25 2025] [0m[33mBuilt 1 zonelists, mobility grouping on.  Total pages[0m: 2097038
[32m[Thu May 15 15:29:25 2025] [0m[33mPolicy zone[0m: Normal
[32m[Thu May 15 15:29:25 2025] [0m[33mmem auto-init[0m: stack:off, heap alloc:off, heap free:off
[32m[Thu May 15 15:29:25 2025] [0m[33mSLUB[0m: HWalign=64, Order=0-3, MinObjects=0, CPUs=8, Nodes=1
[32m[Thu May 15 15:29:25 2025] [0m[33mKernel/User page tables isolation[0m: enabled
[32m[Thu May 15 15:29:25 2025] [0m[33mDynamic Preempt[0m: voluntary
[32m[Thu May 15 15:29:25 2025] [0m[33mrcu[0m: Preemptible hierarchical RCU implementation.
[32m[Thu May 15 15:29:25 2025] [0m[33mrcu[0m: 	RCU event tracing is enabled.
[32m[Thu May 15 15:29:25 2025] [0m[33mrcu[0m: 	RCU restricting CPUs from NR_CPUS=64 to nr_cpu_ids=8.
[32m[Thu May 15 15:29:25 2025] [0m	Trampoline variant of Tasks RCU enabled.
[32m[Thu May 15 15:29:25 2025] [0m	Tracing variant of Tasks RCU enabled.
[32m[Thu May 15 15:29:25 2025] [0m[33mrcu[0m: RCU calculated value of scheduler-enlistment delay is 100 jiffies.
[32m[Thu May 15 15:29:25 2025] [0m[33mrcu[0m: Adjusting geometry for rcu_fanout_leaf=16, nr_cpu_ids=8
[32m[Thu May 15 15:29:25 2025] [0m[33mRCU Tasks[0m: Setting shift to 3 and lim to 1 rcu_task_cb_adjust=1 rcu_task_cpu_ids=8.
[32m[Thu May 15 15:29:25 2025] [0m[33mRCU Tasks Trace[0m: Setting shift to 3 and lim to 1 rcu_task_cb_adjust=1 rcu_task_cpu_ids=8.
[32m[Thu May 15 15:29:25 2025] [0m[33mNR_IRQS[0m: 4352, nr_irqs: 488, preallocated irqs: 16
[32m[Thu May 15 15:29:25 2025] [0m[33mrcu[0m: srcu_init: Setting srcu_struct sizes based on contention.
[32m[Thu May 15 15:29:25 2025] [0m[33mConsole[0m: colour VGA+ 80x25
[32m[Thu May 15 15:29:25 2025] [0m[33mprintk[0m: legacy console [tty0] enabled
[32m[Thu May 15 15:29:25 2025] [0m[33mACPI[0m: Core revision 20250404
[32m[Thu May 15 15:29:25 2025] [0m[33mAPIC[0m: Switch to symmetric I/O mode setup
[32m[Thu May 15 15:29:25 2025] [0mx2apic enabled
[32m[Thu May 15 15:29:25 2025] [0m[33mAPIC[0m: Switched APIC routing to: physical x2apic
[32m[Thu May 15 15:29:25 2025] [0m[33m..TIMER[0m: vector=0x30 apic1=0 pin1=2 apic2=-1 pin2=-1
[32m[Thu May 15 15:29:25 2025] [0m[33mclocksource[0m: tsc-early: mask: 0xffffffffffffffff max_cycles: 0x1e71768ef8b, max_idle_ns: 440795218977 ns
[32m[Thu May 15 15:29:25 2025] [0mCalibrating delay loop (skipped) preset value.. 4223.99 BogoMIPS (lpj=2111998)
[32m[Thu May 15 15:29:25 2025] [0m[33mLast level iTLB entries[0m: 4KB 0, 2MB 0, 4MB 0
[32m[Thu May 15 15:29:25 2025] [0m[33mLast level dTLB entries[0m: 4KB 0, 2MB 0, 4MB 0, 1GB 0
[32m[Thu May 15 15:29:25 2025] [0m[33mSpeculative Store Bypass[0m: Vulnerable
[32m[Thu May 15 15:29:25 2025] [0m[33mITS[0m: Mitigation: Aligned branch/return thunks
[32m[Thu May 15 15:29:25 2025] [0m[33mSpectre V2 [0m: Mitigation: Retpolines
[32m[Thu May 15 15:29:25 2025] [0m[33mMDS[0m: Vulnerable: Clear CPU buffers attempted, no microcode
[32m[Thu May 15 15:29:25 2025] [0m[33mSpectre V1 [0m: Mitigation: usercopy/swapgs barriers and __user pointer sanitization
[32m[Thu May 15 15:29:25 2025] [0m[33mSpectre V2 [0m: Spectre v2 / SpectreRSB: Filling RSB on context switch and VMEXIT
[32m[Thu May 15 15:29:25 2025] [0m[33mx86/fpu[0m: Supporting XSAVE feature 0x001: 'x87 floating point registers'
[32m[Thu May 15 15:29:25 2025] [0m[33mx86/fpu[0m: Supporting XSAVE feature 0x002: 'SSE registers'
[32m[Thu May 15 15:29:25 2025] [0m[33mx86/fpu[0m: Supporting XSAVE feature 0x004: 'AVX registers'
[32m[Thu May 15 15:29:25 2025] [0m[33mx86/fpu[0m: xstate_offset[2]:  576, xstate_sizes[2]:  256
[32m[Thu May 15 15:29:25 2025] [0m[33mx86/fpu[0m: Enabled xstate features 0x7, context size is 832 bytes, using 'standard' format.
[32m[Thu May 15 15:29:25 2025] [0m[33mFreeing SMP alternatives memory[0m: 52K
[32m[Thu May 15 15:29:25 2025] [0m[33mpid_max[0m: default: 32768 minimum: 301
[32m[Thu May 15 15:29:25 2025] [0m[33mLSM[0m: initializing lsm=capability,selinux
[32m[Thu May 15 15:29:25 2025] [0m[33mSELinux[0m:  Initializing.
[32m[Thu May 15 15:29:25 2025] [0m[33mMount-cache hash table entries[0m: 16384 (order: 5, 131072 bytes, linear)
[32m[Thu May 15 15:29:25 2025] [0m[33mMountpoint-cache hash table entries[0m: 16384 (order: 5, 131072 bytes, linear)
[32m[Thu May 15 15:29:25 2025] [0m[33mAPIC calibration not consistent with PM-Timer[0m[1m: 113ms instead of 100ms[0m
[32m[Thu May 15 15:29:25 2025] [0m[33mAPIC delta adjusted to PM-Timer[0m: 6320266 (7199867)
[32m[Thu May 15 15:29:25 2025] [0m[33msmpboot[0m: CPU0: Intel(R) Core(TM) i7-14700 (family: 0x6, model: 0xb7, stepping: 0x1)
[32m[Thu May 15 15:29:25 2025] [0m[33mPerformance Events[0m: unsupported CPU family 6 model 183 no PMU driver, software events only.
[32m[Thu May 15 15:29:25 2025] [0m[33msignal[0m: max sigframe size: 1776
[32m[Thu May 15 15:29:25 2025] [0m[33mrcu[0m: Hierarchical SRCU implementation.
[32m[Thu May 15 15:29:25 2025] [0m[33mrcu[0m: 	Max phase no-delay instances is 400.
[32m[Thu May 15 15:29:25 2025] [0m[33mTimer migration[0m: 1 hierarchy levels; 8 children per group; 1 crossnode level
[32m[Thu May 15 15:29:25 2025] [0m[33msmp[0m: Bringing up secondary CPUs ...
[32m[Thu May 15 15:29:25 2025] [0m[33msmpboot[0m: x86: Booting SMP configuration:
[32m[Thu May 15 15:29:25 2025] [0m[33m.... node  #0, CPUs[0m:      #1 #2 #3 #4 #5 #6 #7
[32m[Thu May 15 15:29:25 2025] [0m[33msmp[0m: Brought up 1 node, 8 CPUs
[32m[Thu May 15 15:29:25 2025] [0m[33msmpboot[0m: Total of 8 processors activated (33791.96 BogoMIPS)
[32m[Thu May 15 15:29:25 2025] [0m[33mMemory[0m: 8131784K/8388152K available (17820K kernel code, 2883K rwdata, 7348K rodata, 2828K init, 844K bss, 251020K reserved, 0K cma-reserved)
[32m[Thu May 15 15:29:25 2025] [0m[33mdevtmpfs[0m: initialized
[32m[Thu May 15 15:29:25 2025] [0m[33mclocksource[0m: jiffies: mask: 0xffffffff max_cycles: 0xffffffff, max_idle_ns: 1911260446275000 ns
[32m[Thu May 15 15:29:25 2025] [0m[33mposixtimers hash table entries[0m: 4096 (order: 4, 65536 bytes, linear)
[32m[Thu May 15 15:29:25 2025] [0m[33mfutex hash table entries[0m: 2048 (131072 bytes on 1 NUMA nodes, total 128 KiB, linear).
[32m[Thu May 15 15:29:25 2025] [0m[33mPM[0m: RTC time: 13:29:25, date: 2025-05-15
[32m[Thu May 15 15:29:25 2025] [0m[33mNET[0m: Registered PF_NETLINK/PF_ROUTE protocol family
[32m[Thu May 15 15:29:25 2025] [0m[33maudit[0m: initializing netlink subsys (disabled)
[32m[Thu May 15 15:29:25 2025] [0m[33maudit[0m: type=2000 audit(1747315772.555:1): state=initialized audit_enabled=0 res=1
[32m[Thu May 15 15:29:25 2025] [0m[33mthermal_sys[0m: Registered thermal governor 'step_wise'
[32m[Thu May 15 15:29:25 2025] [0m[33mcpuidle[0m: using governor menu
[32m[Thu May 15 15:29:25 2025] [0m[33mPCI[0m: Using configuration type 1 for base access
[32m[Thu May 15 15:29:25 2025] [0m[33mkprobes[0m: kprobe jump-optimization is enabled. All kprobes are optimized if possible.
[32m[Thu May 15 15:29:25 2025] [0m[33mHugeTLB[0m: allocation took 0ms with hugepage_allocation_threads=2
[32m[Thu May 15 15:29:25 2025] [0m[33mHugeTLB[0m: registered 2.00 MiB page size, pre-allocated 0 pages
[32m[Thu May 15 15:29:25 2025] [0m[33mHugeTLB[0m: 28 KiB vmemmap can be freed for a 2.00 MiB page
[32m[Thu May 15 15:29:25 2025] [0m[33mACPI[0m: Added _OSI(Module Device)
[32m[Thu May 15 15:29:25 2025] [0m[33mACPI[0m: Added _OSI(Processor Device)
[32m[Thu May 15 15:29:25 2025] [0m[33mACPI[0m: Added _OSI(3.0 _SCP Extensions)
[32m[Thu May 15 15:29:25 2025] [0m[33mACPI[0m: Added _OSI(Processor Aggregator Device)
[32m[Thu May 15 15:29:25 2025] [0m[33mACPI[0m: 2 ACPI AML tables successfully acquired and loaded
[32m[Thu May 15 15:29:25 2025] [0m[33mACPI[0m: Interpreter enabled
[32m[Thu May 15 15:29:25 2025] [0m[33mACPI[0m: PM: (supports S0 S5)
[32m[Thu May 15 15:29:25 2025] [0m[33mACPI[0m: Using IOAPIC for interrupt routing
[32m[Thu May 15 15:29:25 2025] [0m[33mPCI[0m: Using host bridge windows from ACPI; if necessary, use "pci=nocrs" and report a bug
[32m[Thu May 15 15:29:25 2025] [0m[33mPCI[0m: Using E820 reservations for host bridge windows
[32m[Thu May 15 15:29:25 2025] [0m[33mACPI[0m: Enabled 2 GPEs in block 00 to 07
[32m[Thu May 15 15:29:25 2025] [0m[33mACPI[0m: PCI Root Bridge [PCI0] (domain 0000 [bus 00-ff])
[32m[Thu May 15 15:29:25 2025] [0m[33macpi PNP0A03:00[0m: _OSC: OS supports [ASPM ClockPM Segments MSI HPX-Type3]
[32m[Thu May 15 15:29:25 2025] [0m[33macpi PNP0A03:00[0m: _OSC: not requesting OS control; OS requires [ExtendedConfig ASPM ClockPM MSI]
[32m[Thu May 15 15:29:25 2025] [0m[33macpi PNP0A03:00[0m[1m: fail to add MMCONFIG information, can't access extended configuration space under this bridge[0m
[32m[Thu May 15 15:29:25 2025] [0mPCI host bridge to bus 0000:00
[32m[Thu May 15 15:29:25 2025] [0m[33mpci_bus 0000:00[0m: root bus resource [io  0x0000-0x0cf7 window]
[32m[Thu May 15 15:29:25 2025] [0m[33mpci_bus 0000:00[0m: root bus resource [io  0x0d00-0xffff window]
[32m[Thu May 15 15:29:25 2025] [0m[33mpci_bus 0000:00[0m: root bus resource [mem 0x000a0000-0x000bffff window]
[32m[Thu May 15 15:29:25 2025] [0m[33mpci_bus 0000:00[0m: root bus resource [mem 0xe0000000-0xfdffffff window]
[32m[Thu May 15 15:29:25 2025] [0m[33mpci_bus 0000:00[0m: root bus resource [bus 00-ff]
[32m[Thu May 15 15:29:25 2025] [0m[33mpci 0000:00:00.0[0m: [8086:1237] type 00 class 0x060000 conventional PCI endpoint
[32m[Thu May 15 15:29:25 2025] [0m[33mpci 0000:00:01.0[0m: [8086:7000] type 00 class 0x060100 conventional PCI endpoint
[32m[Thu May 15 15:29:25 2025] [0m[33mpci 0000:00:01.1[0m: [8086:7111] type 00 class 0x01018a conventional PCI endpoint
[32m[Thu May 15 15:29:25 2025] [0m[33mpci 0000:00:01.1[0m: BAR 4 [io  0xd000-0xd00f]
[32m[Thu May 15 15:29:25 2025] [0m[33mpci 0000:00:01.1[0m: BAR 0 [io  0x01f0-0x01f7]: legacy IDE quirk
[32m[Thu May 15 15:29:25 2025] [0m[33mpci 0000:00:01.1[0m: BAR 1 [io  0x03f6]: legacy IDE quirk
[32m[Thu May 15 15:29:25 2025] [0m[33mpci 0000:00:01.1[0m: BAR 2 [io  0x0170-0x0177]: legacy IDE quirk
[32m[Thu May 15 15:29:25 2025] [0m[33mpci 0000:00:01.1[0m: BAR 3 [io  0x0376]: legacy IDE quirk
[32m[Thu May 15 15:29:25 2025] [0m[33mpci 0000:00:02.0[0m: [15ad:0405] type 00 class 0x030000 conventional PCI endpoint
[32m[Thu May 15 15:29:25 2025] [0m[33mpci 0000:00:02.0[0m: BAR 0 [io  0xd010-0xd01f]
[32m[Thu May 15 15:29:25 2025] [0m[33mpci 0000:00:02.0[0m: BAR 1 [mem 0xe0000000-0xe0ffffff pref]
[32m[Thu May 15 15:29:25 2025] [0m[33mpci 0000:00:02.0[0m: BAR 2 [mem 0xf0000000-0xf01fffff]
[32m[Thu May 15 15:29:25 2025] [0m[33mpci 0000:00:02.0[0m: Video device with shadowed ROM at [mem 0x000c0000-0x000dffff]
[32m[Thu May 15 15:29:25 2025] [0m[33mpci 0000:00:03.0[0m: [8086:100e] type 00 class 0x020000 conventional PCI endpoint
[32m[Thu May 15 15:29:25 2025] [0m[33mpci 0000:00:03.0[0m: BAR 0 [mem 0xf0200000-0xf021ffff]
[32m[Thu May 15 15:29:25 2025] [0m[33mpci 0000:00:03.0[0m: BAR 2 [io  0xd020-0xd027]
[32m[Thu May 15 15:29:25 2025] [0m[33mpci 0000:00:04.0[0m: [80ee:cafe] type 00 class 0x088000 conventional PCI endpoint
[32m[Thu May 15 15:29:25 2025] [0m[33mpci 0000:00:04.0[0m: BAR 0 [io  0xd040-0xd05f]
[32m[Thu May 15 15:29:25 2025] [0m[33mpci 0000:00:04.0[0m: BAR 1 [mem 0xf0400000-0xf07fffff]
[32m[Thu May 15 15:29:25 2025] [0m[33mpci 0000:00:04.0[0m: BAR 2 [mem 0xf0800000-0xf0803fff pref]
[32m[Thu May 15 15:29:25 2025] [0m[33mpci 0000:00:05.0[0m: [8086:2415] type 00 class 0x040100 conventional PCI endpoint
[32m[Thu May 15 15:29:25 2025] [0m[33mpci 0000:00:05.0[0m: BAR 0 [io  0xd100-0xd1ff]
[32m[Thu May 15 15:29:25 2025] [0m[33mpci 0000:00:05.0[0m: BAR 1 [io  0xd200-0xd23f]
[32m[Thu May 15 15:29:25 2025] [0m[33mpci 0000:00:06.0[0m: [106b:003f] type 00 class 0x0c0310 conventional PCI endpoint
[32m[Thu May 15 15:29:25 2025] [0m[33mpci 0000:00:06.0[0m: BAR 0 [mem 0xf0804000-0xf0804fff]
[32m[Thu May 15 15:29:25 2025] [0m[33mpci 0000:00:07.0[0m: [8086:7113] type 00 class 0x068000 conventional PCI endpoint
[32m[Thu May 15 15:29:25 2025] [0m[33mpci 0000:00:07.0[0m: quirk: [io  0x4000-0x403f] claimed by PIIX4 ACPI
[32m[Thu May 15 15:29:25 2025] [0m[33mpci 0000:00:07.0[0m: quirk: [io  0x4100-0x410f] claimed by PIIX4 SMB
[32m[Thu May 15 15:29:25 2025] [0m[33mpci 0000:00:0b.0[0m: [8086:265c] type 00 class 0x0c0320 conventional PCI endpoint
[32m[Thu May 15 15:29:25 2025] [0m[33mpci 0000:00:0b.0[0m: BAR 0 [mem 0xf0805000-0xf0805fff]
[32m[Thu May 15 15:29:25 2025] [0m[33mpci 0000:00:0d.0[0m: [8086:2829] type 00 class 0x010601 conventional PCI endpoint
[32m[Thu May 15 15:29:25 2025] [0m[33mpci 0000:00:0d.0[0m: BAR 0 [io  0xd240-0xd247]
[32m[Thu May 15 15:29:25 2025] [0m[33mpci 0000:00:0d.0[0m: BAR 1 [io  0xd248-0xd24b]
[32m[Thu May 15 15:29:25 2025] [0m[33mpci 0000:00:0d.0[0m: BAR 2 [io  0xd250-0xd257]
[32m[Thu May 15 15:29:25 2025] [0m[33mpci 0000:00:0d.0[0m: BAR 3 [io  0xd258-0xd25b]
[32m[Thu May 15 15:29:25 2025] [0m[33mpci 0000:00:0d.0[0m: BAR 4 [io  0xd260-0xd26f]
[32m[Thu May 15 15:29:25 2025] [0m[33mpci 0000:00:0d.0[0m: BAR 5 [mem 0xf0806000-0xf0807fff]
[32m[Thu May 15 15:29:25 2025] [0m[33mACPI[0m: PCI: Interrupt link LNKA configured for IRQ 11
[32m[Thu May 15 15:29:25 2025] [0m[33mACPI[0m: PCI: Interrupt link LNKB configured for IRQ 10
[32m[Thu May 15 15:29:25 2025] [0m[33mACPI[0m: PCI: Interrupt link LNKC configured for IRQ 9
[32m[Thu May 15 15:29:25 2025] [0m[33mACPI[0m: PCI: Interrupt link LNKD configured for IRQ 11
[32m[Thu May 15 15:29:25 2025] [0m[33miommu[0m: Default domain type: Translated
[32m[Thu May 15 15:29:25 2025] [0m[33miommu[0m: DMA domain TLB invalidation policy: lazy mode
[32m[Thu May 15 15:29:25 2025] [0mSCSI subsystem initialized
[32m[Thu May 15 15:29:25 2025] [0mlibata version 3.00 loaded.
[32m[Thu May 15 15:29:25 2025] [0m[33mACPI[0m: bus type USB registered
[32m[Thu May 15 15:29:25 2025] [0m[33musbcore[0m: registered new interface driver usbfs
[32m[Thu May 15 15:29:25 2025] [0m[33musbcore[0m: registered new interface driver hub
[32m[Thu May 15 15:29:25 2025] [0m[33musbcore[0m: registered new device driver usb
[32m[Thu May 15 15:29:25 2025] [0m[33mpps_core[0m: LinuxPPS API ver. 1 registered
[32m[Thu May 15 15:29:25 2025] [0m[33mpps_core[0m: Software ver. 5.3.6 - Copyright 2005-2007 Rodolfo Giometti <giometti@linux.it>
[32m[Thu May 15 15:29:25 2025] [0mPTP clock support registered
[32m[Thu May 15 15:29:25 2025] [0mAdvanced Linux Sound Architecture Driver Initialized.
[32m[Thu May 15 15:29:25 2025] [0m[33mNetLabel[0m: Initializing
[32m[Thu May 15 15:29:25 2025] [0m[33mNetLabel[0m:  domain hash size = 128
[32m[Thu May 15 15:29:25 2025] [0m[33mNetLabel[0m:  protocols = UNLABELED CIPSOv4 CALIPSO
[32m[Thu May 15 15:29:25 2025] [0m[33mNetLabel[0m:  unlabeled traffic allowed by default
[32m[Thu May 15 15:29:25 2025] [0m[33mPCI[0m: Using ACPI for IRQ routing
[32m[Thu May 15 15:29:25 2025] [0m[33mPCI[0m: pci_cache_line_size set to 64 bytes
[32m[Thu May 15 15:29:25 2025] [0m[33me820[0m: reserve RAM buffer [mem 0x0009fc00-0x0009ffff]
[32m[Thu May 15 15:29:25 2025] [0m[33me820[0m: reserve RAM buffer [mem 0xdfff0000-0xdfffffff]
[32m[Thu May 15 15:29:25 2025] [0m[33mpci 0000:00:02.0[0m: vgaarb: setting as boot VGA device
[32m[Thu May 15 15:29:25 2025] [0m[33mpci 0000:00:02.0[0m: vgaarb: bridge control possible
[32m[Thu May 15 15:29:25 2025] [0m[33mpci 0000:00:02.0[0m: vgaarb: VGA device added: decodes=io+mem,owns=io+mem,locks=none
[32m[Thu May 15 15:29:25 2025] [0m[33mvgaarb[0m: loaded
[32m[Thu May 15 15:29:25 2025] [0m[33mclocksource[0m: Switched to clocksource kvm-clock
[32m[Thu May 15 15:29:25 2025] [0m[33mVFS[0m: Disk quotas dquot_6.6.0
[32m[Thu May 15 15:29:25 2025] [0m[33mVFS[0m: Dquot-cache hash table entries: 512 (order 0, 4096 bytes)
[32m[Thu May 15 15:29:25 2025] [0m[33mpnp[0m: PnP ACPI init
[32m[Thu May 15 15:29:25 2025] [0m[33mpnp[0m: PnP ACPI: found 2 devices
[32m[Thu May 15 15:29:26 2025] [0m[33mclocksource[0m: acpi_pm: mask: 0xffffff max_cycles: 0xffffff, max_idle_ns: 2085701024 ns
[32m[Thu May 15 15:29:26 2025] [0m[33mNET[0m: Registered PF_INET protocol family
[32m[Thu May 15 15:29:26 2025] [0m[33mIP idents hash table entries[0m: 131072 (order: 8, 1048576 bytes, linear)
[32m[Thu May 15 15:29:26 2025] [0m[33mtcp_listen_portaddr_hash hash table entries[0m: 4096 (order: 4, 65536 bytes, linear)
[32m[Thu May 15 15:29:26 2025] [0m[33mTable-perturb hash table entries[0m: 65536 (order: 6, 262144 bytes, linear)
[32m[Thu May 15 15:29:26 2025] [0m[33mTCP established hash table entries[0m: 65536 (order: 7, 524288 bytes, linear)
[32m[Thu May 15 15:29:26 2025] [0m[33mTCP bind hash table entries[0m: 65536 (order: 9, 2097152 bytes, linear)
[32m[Thu May 15 15:29:26 2025] [0m[33mTCP[0m: Hash tables configured (established 65536 bind 65536)
[32m[Thu May 15 15:29:26 2025] [0m[33mUDP hash table entries[0m: 4096 (order: 6, 262144 bytes, linear)
[32m[Thu May 15 15:29:26 2025] [0m[33mUDP-Lite hash table entries[0m: 4096 (order: 6, 262144 bytes, linear)
[32m[Thu May 15 15:29:26 2025] [0m[33mNET[0m: Registered PF_UNIX/PF_LOCAL protocol family
[32m[Thu May 15 15:29:26 2025] [0m[33mRPC[0m: Registered named UNIX socket transport module.
[32m[Thu May 15 15:29:26 2025] [0m[33mRPC[0m: Registered udp transport module.
[32m[Thu May 15 15:29:26 2025] [0m[33mRPC[0m: Registered tcp transport module.
[32m[Thu May 15 15:29:26 2025] [0m[33mRPC[0m: Registered tcp-with-tls transport module.
[32m[Thu May 15 15:29:26 2025] [0m[33mRPC[0m: Registered tcp NFSv4.1 backchannel transport module.
[32m[Thu May 15 15:29:26 2025] [0m[33mpci_bus 0000:00[0m: resource 4 [io  0x0000-0x0cf7 window]
[32m[Thu May 15 15:29:26 2025] [0m[33mpci_bus 0000:00[0m: resource 5 [io  0x0d00-0xffff window]
[32m[Thu May 15 15:29:26 2025] [0m[33mpci_bus 0000:00[0m: resource 6 [mem 0x000a0000-0x000bffff window]
[32m[Thu May 15 15:29:26 2025] [0m[33mpci_bus 0000:00[0m: resource 7 [mem 0xe0000000-0xfdffffff window]
[32m[Thu May 15 15:29:26 2025] [0m[33mpci 0000:00:00.0[0m: Limiting direct PCI/PCI transfers
[32m[Thu May 15 15:29:26 2025] [0m[33mPCI[0m: CLS 0 bytes, default 64
[32m[Thu May 15 15:29:26 2025] [0m[33mPCI-DMA[0m: Using software bounce buffering for IO (SWIOTLB)
[32m[Thu May 15 15:29:26 2025] [0m[33msoftware IO TLB[0m: mapped [mem 0x00000000dbff0000-0x00000000dfff0000] (64MB)
[32m[Thu May 15 15:29:26 2025] [0m[33mRAPL PMU[0m: API unit is 2^-32 Joules, 0 fixed counters, 335544320 ms ovfl timer
[32m[Thu May 15 15:29:26 2025] [0m[33mclocksource[0m: tsc: mask: 0xffffffffffffffff max_cycles: 0x1e71768ef8b, max_idle_ns: 440795218977 ns
[32m[Thu May 15 15:29:26 2025] [0m[33mplatform rtc_cmos[0m: registered platform RTC device (no PNP device found)
[32m[Thu May 15 15:29:26 2025] [0mInitialise system trusted keyrings
[32m[Thu May 15 15:29:26 2025] [0m[33mworkingset[0m: timestamp_bits=56 max_order=21 bucket_order=0
[32m[Thu May 15 15:29:26 2025] [0m[33mNFS[0m: Registering the id_resolver key type
[32m[Thu May 15 15:29:26 2025] [0mKey type id_resolver registered
[32m[Thu May 15 15:29:26 2025] [0mKey type id_legacy registered
[32m[Thu May 15 15:29:26 2025] [0m[33m9p[0m: Installing v9fs 9p2000 file system support
[32m[Thu May 15 15:29:26 2025] [0mKey type asymmetric registered
[32m[Thu May 15 15:29:26 2025] [0mAsymmetric key parser 'x509' registered
[32m[Thu May 15 15:29:26 2025] [0mBlock layer SCSI generic (bsg) driver version 0.4 loaded (major 251)
[32m[Thu May 15 15:29:26 2025] [0mio scheduler mq-deadline registered
[32m[Thu May 15 15:29:26 2025] [0mio scheduler kyber registered
[32m[Thu May 15 15:29:26 2025] [0m[33mACPI[0m: AC: AC Adapter [AC] (on-line)
[32m[Thu May 15 15:29:26 2025] [0m[33minput[0m: Power Button as /devices/LNXSYSTM:00/LNXPWRBN:00/input/input0
[32m[Thu May 15 15:29:26 2025] [0m[33mACPI[0m: button: Power Button [PWRF]
[32m[Thu May 15 15:29:26 2025] [0m[33minput[0m: Sleep Button as /devices/LNXSYSTM:00/LNXSLPBN:00/input/input1
[32m[Thu May 15 15:29:26 2025] [0m[33mACPI[0m: button: Sleep Button [SLPF]
[32m[Thu May 15 15:29:26 2025] [0m[33mACPI[0m: video: Video Device [GFX0] (multi-head: yes  rom: no  post: no)
[32m[Thu May 15 15:29:26 2025] [0m[33minput[0m: Video Bus as /devices/LNXSYSTM:00/LNXSYBUS:00/PNP0A03:00/LNXVIDEO:00/input/input2
[32m[Thu May 15 15:29:26 2025] [0m[33mSerial[0m: 8250/16550 driver, 4 ports, IRQ sharing enabled
[32m[Thu May 15 15:29:26 2025] [0mNon-volatile memory driver v1.3
[32m[Thu May 15 15:29:26 2025] [0mLinux agpgart interface v0.103
[32m[Thu May 15 15:29:26 2025] [0m[33mACPI[0m: bus type drm_connector registered
[32m[Thu May 15 15:29:26 2025] [0m[33mloop[0m: module loaded
[32m[Thu May 15 15:29:26 2025] [0m[33mahci 0000:00:0d.0[0m: SSS flag set, parallel bus scan disabled
[32m[Thu May 15 15:29:26 2025] [0m[33mahci 0000:00:0d.0[0m: AHCI vers 0001.0100, 32 command slots, 3 Gbps, SATA mode
[32m[Thu May 15 15:29:26 2025] [0m[33mahci 0000:00:0d.0[0m: 1/1 ports implemented (port mask 0x1)
[32m[Thu May 15 15:29:26 2025] [0m[33mahci 0000:00:0d.0[0m: flags: 64bit ncq stag only ccc 
[32m[Thu May 15 15:29:26 2025] [0m[33mscsi host0[0m: ahci
[32m[Thu May 15 15:29:26 2025] [0m[33mata1[0m: SATA max UDMA/133 abar m8192@0xf0806000 port 0xf0806100 irq 21 lpm-pol 0
[32m[Thu May 15 15:29:26 2025] [0m[33mscsi host1[0m: ata_piix
[32m[Thu May 15 15:29:26 2025] [0m[33mscsi host2[0m: ata_piix
[32m[Thu May 15 15:29:26 2025] [0m[33mata2[0m: PATA max UDMA/33 cmd 0x1f0 ctl 0x3f6 bmdma 0xd000 irq 14 lpm-pol 0
[32m[Thu May 15 15:29:26 2025] [0m[33mata3[0m: PATA max UDMA/33 cmd 0x170 ctl 0x376 bmdma 0xd008 irq 15 lpm-pol 0
[32m[Thu May 15 15:29:26 2025] [0m[33me100[0m: Intel(R) PRO/100 Network Driver
[32m[Thu May 15 15:29:26 2025] [0m[33me100[0m: Copyright(c) 1999-2006 Intel Corporation
[32m[Thu May 15 15:29:26 2025] [0m[33me1000[0m: Intel(R) PRO/1000 Network Driver
[32m[Thu May 15 15:29:26 2025] [0m[33me1000[0m: Copyright (c) 1999-2006 Intel Corporation.
[32m[Thu May 15 15:29:26 2025] [0m[33mata3.00[0m: ATAPI: VBOX CD-ROM, 1.0, max UDMA/133
[32m[Thu May 15 15:29:27 2025] [0m[33mata1[0m: SATA link up 3.0 Gbps (SStatus 123 SControl 300)
[32m[Thu May 15 15:29:27 2025] [0m[33mata1.00[0m: ATA-6: VBOX HARDDISK, 1.0, max UDMA/133
[32m[Thu May 15 15:29:27 2025] [0m[33mata1.00[0m: 41943040 sectors, multi 128: LBA48 NCQ (depth 32)
[32m[Thu May 15 15:29:27 2025] [0m[33mata1.00[0m: configured for UDMA/133
[32m[Thu May 15 15:29:27 2025] [0m[33mscsi 0:0:0:0[0m: Direct-Access     ATA      VBOX HARDDISK    1.0  PQ: 0 ANSI: 5
[32m[Thu May 15 15:29:27 2025] [0m[33msd 0:0:0:0[0m: [sda] 41943040 512-byte logical blocks: (21.5 GB/20.0 GiB)
[32m[Thu May 15 15:29:27 2025] [0m[33msd 0:0:0:0[0m: Attached scsi generic sg0 type 0
[32m[Thu May 15 15:29:27 2025] [0m[33msd 0:0:0:0[0m: [sda] Write Protect is off
[32m[Thu May 15 15:29:27 2025] [0m[33msd 0:0:0:0[0m: [sda] Mode Sense: 00 3a 00 00
[32m[Thu May 15 15:29:27 2025] [0m[33msd 0:0:0:0[0m: [sda] Write cache: enabled, read cache: enabled, doesn't support DPO or FUA
[32m[Thu May 15 15:29:27 2025] [0m[33mscsi 2:0:0:0[0m: CD-ROM            VBOX     CD-ROM           1.0  PQ: 0 ANSI: 5
[32m[Thu May 15 15:29:27 2025] [0m[33msd 0:0:0:0[0m: [sda] Preferred minimum I/O size 512 bytes
[32m[Thu May 15 15:29:27 2025] [0m[33msr 2:0:0:0[0m: [sr0] scsi3-mmc drive: 32x/32x xa/form2 tray
[32m[Thu May 15 15:29:27 2025] [0m[33m sda[0m: sda1 sda2 sda3
[32m[Thu May 15 15:29:27 2025] [0m[33mcdrom[0m: Uniform CD-ROM driver Revision: 3.20
[32m[Thu May 15 15:29:27 2025] [0m[33msd 0:0:0:0[0m: [sda] Attached SCSI disk
[32m[Thu May 15 15:29:27 2025] [0m[33msr 2:0:0:0[0m: Attached scsi CD-ROM sr0
[32m[Thu May 15 15:29:27 2025] [0m[33msr 2:0:0:0[0m: Attached scsi generic sg1 type 5
[32m[Thu May 15 15:29:27 2025] [0m[33me1000 0000:00:03.0 eth0[0m: (PCI:33MHz:32-bit) 08:00:27:ec:81:d2
[32m[Thu May 15 15:29:27 2025] [0m[33me1000 0000:00:03.0 eth0[0m: Intel(R) PRO/1000 Network Connection
[32m[Thu May 15 15:29:27 2025] [0m[33me1000e[0m: Intel(R) PRO/1000 Network Driver
[32m[Thu May 15 15:29:27 2025] [0m[33me1000e[0m: Copyright(c) 1999 - 2015 Intel Corporation.
[32m[Thu May 15 15:29:27 2025] [0m[33msky2[0m: driver version 1.30
[32m[Thu May 15 15:29:27 2025] [0m[33mohci-pci 0000:00:06.0[0m: OHCI PCI host controller
[32m[Thu May 15 15:29:27 2025] [0m[33mohci-pci 0000:00:06.0[0m: new USB bus registered, assigned bus number 1
[32m[Thu May 15 15:29:27 2025] [0m[33mohci-pci 0000:00:06.0[0m: irq 22, io mem 0xf0804000
[32m[Thu May 15 15:29:27 2025] [0m[33musb usb1[0m: New USB device found, idVendor=1d6b, idProduct=0001, bcdDevice= 6.15
[32m[Thu May 15 15:29:27 2025] [0m[33musb usb1[0m: New USB device strings: Mfr=3, Product=2, SerialNumber=1
[32m[Thu May 15 15:29:27 2025] [0m[33musb usb1[0m: Product: OHCI PCI host controller
[32m[Thu May 15 15:29:27 2025] [0m[33musb usb1[0m: Manufacturer: Linux 6.15.0-rc6-next-20250515 ohci_hcd
[32m[Thu May 15 15:29:27 2025] [0m[33musb usb1[0m: SerialNumber: 0000:00:06.0
[32m[Thu May 15 15:29:27 2025] [0m[33mhub 1-0:1.0[0m: USB hub found
[32m[Thu May 15 15:29:27 2025] [0m[33mhub 1-0:1.0[0m: 12 ports detected
[32m[Thu May 15 15:29:27 2025] [0m[33musbcore[0m: registered new interface driver usblp
[32m[Thu May 15 15:29:27 2025] [0m[33mehci-pci 0000:00:0b.0[0m: EHCI Host Controller
[32m[Thu May 15 15:29:27 2025] [0m[33musbcore[0m: registered new interface driver usb-storage
[32m[Thu May 15 15:29:27 2025] [0m[33mi8042[0m: PNP: PS/2 Controller [PNP0303:PS2K,PNP0f03:PS2M] at 0x60,0x64 irq 1,12
[32m[Thu May 15 15:29:27 2025] [0m[33mehci-pci 0000:00:0b.0[0m: new USB bus registered, assigned bus number 2
[32m[Thu May 15 15:29:27 2025] [0m[33mserio[0m: i8042 KBD port at 0x60,0x64 irq 1
[32m[Thu May 15 15:29:27 2025] [0m[33mehci-pci 0000:00:0b.0[0m: irq 19, io mem 0xf0805000
[32m[Thu May 15 15:29:27 2025] [0m[33mserio[0m: i8042 AUX port at 0x60,0x64 irq 12
[32m[Thu May 15 15:29:27 2025] [0m[33mehci-pci 0000:00:0b.0[0m: USB 2.0 started, EHCI 1.00
[32m[Thu May 15 15:29:27 2025] [0m[33mrtc_cmos rtc_cmos[0m: registered as rtc0
[32m[Thu May 15 15:29:27 2025] [0m[33musb usb2[0m: New USB device found, idVendor=1d6b, idProduct=0002, bcdDevice= 6.15
[32m[Thu May 15 15:29:27 2025] [0m[33minput[0m: AT Translated Set 2 keyboard as /devices/platform/i8042/serio0/input/input3
[32m[Thu May 15 15:29:27 2025] [0m[33mrtc_cmos rtc_cmos[0m: alarms up to one day, 114 bytes nvram
[32m[Thu May 15 15:29:27 2025] [0m[33musb usb2[0m: New USB device strings: Mfr=3, Product=2, SerialNumber=1
[32m[Thu May 15 15:29:27 2025] [0m[33mdevice-mapper[0m: ioctl: 4.50.0-ioctl (2025-04-28) initialised: dm-devel@lists.linux.dev
[32m[Thu May 15 15:29:27 2025] [0m[33musb usb2[0m: Product: EHCI Host Controller
[32m[Thu May 15 15:29:27 2025] [0m[33mintel_pstate[0m: CPU model not supported
[32m[Thu May 15 15:29:27 2025] [0m[33musb usb2[0m: Manufacturer: Linux 6.15.0-rc6-next-20250515 ehci_hcd
[32m[Thu May 15 15:29:27 2025] [0m[33mhid[0m: raw HID events driver (C) Jiri Kosina
[32m[Thu May 15 15:29:27 2025] [0m[33musb usb2[0m: SerialNumber: 0000:00:0b.0
[32m[Thu May 15 15:29:27 2025] [0m[33musbcore[0m: registered new interface driver usbhid
[32m[Thu May 15 15:29:27 2025] [0m[33mhub 2-0:1.0[0m: USB hub found
[32m[Thu May 15 15:29:27 2025] [0m[33musbhid[0m: USB HID core driver
[32m[Thu May 15 15:29:27 2025] [0mInitializing XFRM netlink socket
[32m[Thu May 15 15:29:27 2025] [0m[33mhub 2-0:1.0[0m: 12 ports detected
[32m[Thu May 15 15:29:27 2025] [0m[33mNET[0m: Registered PF_INET6 protocol family
[32m[Thu May 15 15:29:27 2025] [0mSegment Routing with IPv6
[32m[Thu May 15 15:29:27 2025] [0mIn-situ OAM (IOAM) with IPv6
[32m[Thu May 15 15:29:27 2025] [0m[33msit[0m: IPv6, IPv4 and MPLS over IPv4 tunneling driver
[32m[Thu May 15 15:29:27 2025] [0m[33mNET[0m: Registered PF_PACKET protocol family
[32m[Thu May 15 15:29:27 2025] [0m[33m9pnet[0m: Installing 9P2000 support
[32m[Thu May 15 15:29:27 2025] [0mKey type dns_resolver registered
[32m[Thu May 15 15:29:27 2025] [0m[33mIPI shorthand broadcast[0m: enabled
[32m[Thu May 15 15:29:27 2025] [0m[33msched_clock[0m: Marking stable (2273780499, 306764633)->(2873109252, -292564120)
[32m[Thu May 15 15:29:27 2025] [0mregistered taskstats version 1
[32m[Thu May 15 15:29:27 2025] [0mLoading compiled-in X.509 certificates
[32m[Thu May 15 15:29:27 2025] [0m[33mDemotion targets for Node 0[0m: null
[32m[Thu May 15 15:29:27 2025] [0m[33mPM[0m:   Magic number: 9:425:483
[32m[Thu May 15 15:29:27 2025] [0m[33mprintk[0m: legacy console [netcon0] enabled
[32m[Thu May 15 15:29:27 2025] [0m[33mnetconsole[0m: network logging started
[32m[Thu May 15 15:29:27 2025] [0m[33mcfg80211[0m: Loading compiled-in X.509 certificates for regulatory database
[32m[Thu May 15 15:29:27 2025] [0m[33mkworker/u33:2 (111) used greatest stack depth[0m: 14544 bytes left
[32m[Thu May 15 15:29:27 2025] [0m[33mLoaded X.509 cert 'sforshee[0m: 00b28ddf47aef9cea7'
[32m[Thu May 15 15:29:27 2025] [0m[33mkworker/u33:2 (112) used greatest stack depth[0m: 14096 bytes left
[32m[Thu May 15 15:29:27 2025] [0m[33mLoaded X.509 cert 'wens[0m: 61c038651aabdcf94bd0ac7ff06c7248db18c600'
[32m[Thu May 15 15:29:27 2025] [0m[33mplatform regulatory.0[0m[1m: Direct firmware load for regulatory.db failed with error -2[0m
[32m[Thu May 15 15:29:27 2025] [0m[33minput[0m: ImExPS/2 Generic Explorer Mouse as /devices/platform/i8042/serio1/input/input5
[32m[Thu May 15 15:29:27 2025] [0m[33mcfg80211[0m: failed to load regulatory.db
[32m[Thu May 15 15:29:27 2025] [0mALSA device list:
[32m[Thu May 15 15:29:27 2025] [0m  No soundcards found.
[32m[Thu May 15 15:29:27 2025] [0m[33mmd[0m: Waiting for all devices to be available before autodetect
[32m[Thu May 15 15:29:27 2025] [0m[33mmd[0m: If you don't use raid, use raid=noautodetect
[32m[Thu May 15 15:29:27 2025] [0m[33mmd[0m: Autodetecting RAID arrays.
[32m[Thu May 15 15:29:27 2025] [0m[33mmd[0m: autorun ...
[32m[Thu May 15 15:29:27 2025] [0m[33mmd[0m: ... autorun DONE.
[32m[Thu May 15 15:29:27 2025] [0m[33mEXT4-fs (sda3)[0m: mounted filesystem 115b63a6-e93c-4907-85a9-2b6293bc218a ro with ordered data mode. Quota mode: none.
[32m[Thu May 15 15:29:27 2025] [0m[33mVFS[0m: Mounted root (ext4 filesystem) readonly on device 8:3.
[32m[Thu May 15 15:29:27 2025] [0m[33mdevtmpfs[0m: mounted
[32m[Thu May 15 15:29:27 2025] [0m[33mFreeing unused kernel image (initmem) memory[0m: 2828K
[32m[Thu May 15 15:29:27 2025] [0m[33mWrite protecting the kernel read-only data[0m: 26624k
[32m[Thu May 15 15:29:27 2025] [0m[33mFreeing unused kernel image (text/rodata gap) memory[0m: 608K
[32m[Thu May 15 15:29:27 2025] [0m[33mFreeing unused kernel image (rodata/data gap) memory[0m: 844K
[32m[Thu May 15 15:29:27 2025] [0m[33mx86/mm[0m: Checked W+X mappings: passed, no W+X pages found.
[32m[Thu May 15 15:29:27 2025] [0m[33mx86/mm[0m: Checking user space page tables
[32m[Thu May 15 15:29:27 2025] [0m[33mx86/mm[0m: Checked W+X mappings: passed, no W+X pages found.
[32m[Thu May 15 15:29:27 2025] [0mRun /sbin/init as init process
[32m[Thu May 15 15:29:27 2025] [0m  with arguments:
[32m[Thu May 15 15:29:27 2025] [0m    /sbin/init
[32m[Thu May 15 15:29:27 2025] [0m  with environment:
[32m[Thu May 15 15:29:27 2025] [0m    HOME=/
[32m[Thu May 15 15:29:27 2025] [0m    TERM=linux
[32m[Thu May 15 15:29:27 2025] [0m    BOOT_IMAGE=/vmlinuz-next
[32m[Thu May 15 15:29:27 2025] [0m[33musb 1-1[0m: new full-speed USB device number 2 using ohci-pci
[32m[Thu May 15 15:29:27 2025] [0m[33mstty (119) used greatest stack depth[0m: 12840 bytes left
[32m[Thu May 15 15:29:27 2025] [0m[33mmountpoint (126) used greatest stack depth[0m: 12680 bytes left
[32m[Thu May 15 15:29:27 2025] [0m[33mudevd[208][0m: starting version 3.2.5
[32m[Thu May 15 15:29:27 2025] [0m[33mudevd[209][0m: starting eudev-3.2.5
[32m[Thu May 15 15:29:28 2025] [0m[33me1000 0000:00:03.0 enp0s3[0m: renamed from eth0
[32m[Thu May 15 15:29:28 2025] [0m[33musb 1-1[0m: New USB device found, idVendor=80ee, idProduct=0021, bcdDevice= 1.00
[32m[Thu May 15 15:29:28 2025] [0m[33musb 1-1[0m: New USB device strings: Mfr=1, Product=3, SerialNumber=0
[32m[Thu May 15 15:29:28 2025] [0m[33musb 1-1[0m: Product: USB Tablet
[32m[Thu May 15 15:29:28 2025] [0m[33musb 1-1[0m: Manufacturer: VirtualBox
[32m[Thu May 15 15:29:28 2025] [0m[33minput[0m: VirtualBox USB Tablet as /devices/pci0000:00/0000:00:06.0/usb1/1-1/1-1:1.0/0003:80EE:0021.0001/input/input6
[32m[Thu May 15 15:29:28 2025] [0m[33mhid-generic 0003:80EE:0021.0001[0m: input,hidraw0: USB HID v1.10 Mouse [VirtualBox USB Tablet] on usb-0000:00:06.0-1/input0
[32m[Thu May 15 15:29:37 2025] [0mAdding 2097148k swap on /dev/sda2.  Priority:1 extents:1 across:2097148k 
[32m[Thu May 15 15:29:37 2025] [0m[33mEXT4-fs (sda3)[0m: re-mounted 115b63a6-e93c-4907-85a9-2b6293bc218a.
[32m[Thu May 15 15:29:37 2025] [0m[33mEXT4-fs (sda3)[0m: re-mounted 115b63a6-e93c-4907-85a9-2b6293bc218a r/w.
[32m[Thu May 15 15:29:37 2025] [0m[33mEXT4-fs (sda1)[0m: mounted filesystem 544dcc45-1319-4606-9a8e-6a8cc8e0248e r/w with ordered data mode. Quota mode: none.
[32m[Thu May 15 15:29:37 2025] [0m[1mext4 filesystem being mounted at /boot supports timestamps until 2038-01-19 (0x7fffffff)[0m
[32m[Thu May 15 15:29:38 2025] [0m[33me1000[0m: enp0s3 NIC Link is Up 1000 Mbps Full Duplex, Flow Control: RX
[32m[Thu May 15 15:30:37 2025] [0m[33mgpg-agent (740) used greatest stack depth[0m: 12576 bytes left
